2023-12-15 08:46:57,042 [INFO] Activator:176 - 


2023-12-15 08:46:57,064 [INFO] Activator:177 - !SESSION log4j initialized
2023-12-15 08:47:05,514 [INFO] LogOutputStream:77 - [STDOUT_REDIRECT] 
2023-12-15 08:47:09,651 [INFO] ApplicationProperties:184 - Using Application install path: D:\Softwares\STM32CubeIDE_1.13.2\STM32CubeIDE\plugins\com.st.stm32cube.common.mx_6.9.2.202309101412
2023-12-15 08:47:09,669 [INFO] DbMcusXml:78 - Set database path to: D:\Softwares\STM32CubeIDE_1.13.2\STM32CubeIDE\plugins\com.st.stm32cube.common.mx_6.9.2.202309101412\\db\/mcu/
2023-12-15 08:47:09,670 [INFO] ApiDb:274 - Set plugin database path to: D:\Softwares\STM32CubeIDE_1.13.2\STM32CubeIDE\plugins\com.st.stm32cube.common.mx_6.9.2.202309101412\\db\/plugins/boardmanager/
2023-12-15 08:47:09,670 [WARN] ApiDb:259 - Overriding images path with different value:  => D:\Softwares\STM32CubeIDE_1.13.2\STM32CubeIDE\plugins\com.st.stm32cube.common.mx_6.9.2.202309101412\\db\/plugins/mcufinder/images/
2023-12-15 08:47:09,684 [INFO] ApiDb:250 - Set database path to: C:\Users\phung\.stmcufinder\plugins\mcufinder//mcu/
2023-12-15 08:47:09,687 [INFO] DbMcusAds:125 - Set database path to: C:\Users\phung\.stmcufinder\plugins\mcufinder//mcu/
2023-12-15 08:47:10,222 [INFO] CrossReferenceDbSqlite:203 - Set database path to: C:\Users\phung\.stmcufinder\plugins\mcufinder//mcu/cs/
2023-12-15 08:47:10,319 [INFO] RulesReader:64 - Compatibility file has been processed (293 Rules)
2023-12-15 08:47:10,407 [INFO] DbMcusXml:78 - Set database path to: D:\Softwares\STM32CubeIDE_1.13.2\STM32CubeIDE\plugins\com.st.stm32cube.common.mx_6.9.2.202309101412\\db\/mcu/
2023-12-15 08:47:10,407 [INFO] ApiDb:274 - Set plugin database path to: D:\Softwares\STM32CubeIDE_1.13.2\STM32CubeIDE\plugins\com.st.stm32cube.common.mx_6.9.2.202309101412\\db\/plugins/boardmanager/
2023-12-15 08:47:10,407 [INFO] ApiDb:261 - Set plugin images path to: D:\Softwares\STM32CubeIDE_1.13.2\STM32CubeIDE\plugins\com.st.stm32cube.common.mx_6.9.2.202309101412\\db\/plugins/mcufinder/images/
2023-12-15 08:47:10,407 [WARN] DbFile:41 - Overriding database path with different value: C:\Users\phung\.stmcufinder\plugins\mcufinder/ => C:\Users\phung\.stmcufinder\plugins\mcufinder
2023-12-15 08:47:10,407 [INFO] ApiDb:250 - Set database path to: C:\Users\phung\.stmcufinder\plugins\mcufinder//mcu/
2023-12-15 08:47:10,408 [WARN] DbFile:41 - Overriding database path with different value: C:\Users\phung\.stmcufinder\plugins\mcufinder/ => C:\Users\phung\.stmcufinder\plugins\mcufinder
2023-12-15 08:47:10,408 [INFO] DbMcusAds:125 - Set database path to: C:\Users\phung\.stmcufinder\plugins\mcufinder//mcu/
2023-12-15 08:47:10,408 [WARN] DbFile:41 - Overriding database path with different value: C:\Users\phung\.stmcufinder\plugins\mcufinder/ => C:\Users\phung\.stmcufinder\plugins\mcufinder
2023-12-15 08:47:10,408 [WARN] DbFile:41 - Overriding database path with different value: C:\Users\phung\.stmcufinder\plugins\mcufinder/ => C:\Users\phung\.stmcufinder\plugins\mcufinder
2023-12-15 08:47:11,221 [INFO] CrossReferenceDbSqlite:203 - Set database path to: C:\Users\phung\.stmcufinder\plugins\mcufinder//mcu/cs/
2023-12-15 08:47:11,378 [INFO] MainPanel:262 - HeapMemory: 268435456
2023-12-15 08:47:11,488 [INFO] DbMcusXml:78 - Set database path to: D:\Softwares\STM32CubeIDE_1.13.2\STM32CubeIDE\plugins\com.st.stm32cube.common.mx_6.9.2.202309101412\\db\/mcu/
2023-12-15 08:47:11,488 [INFO] ApiDb:274 - Set plugin database path to: D:\Softwares\STM32CubeIDE_1.13.2\STM32CubeIDE\plugins\com.st.stm32cube.common.mx_6.9.2.202309101412\\db\/plugins/boardmanager/
2023-12-15 08:47:11,488 [INFO] ApiDb:261 - Set plugin images path to: D:\Softwares\STM32CubeIDE_1.13.2\STM32CubeIDE\plugins\com.st.stm32cube.common.mx_6.9.2.202309101412\\db\/plugins/mcufinder/images/
2023-12-15 08:47:11,489 [WARN] DbFile:41 - Overriding database path with different value: C:\Users\phung\.stmcufinder\plugins\mcufinder/ => C:\Users\phung\.stmcufinder\plugins\mcufinder
2023-12-15 08:47:11,489 [INFO] ApiDb:250 - Set database path to: C:\Users\phung\.stmcufinder\plugins\mcufinder//mcu/
2023-12-15 08:47:11,489 [WARN] DbFile:41 - Overriding database path with different value: C:\Users\phung\.stmcufinder\plugins\mcufinder/ => C:\Users\phung\.stmcufinder\plugins\mcufinder
2023-12-15 08:47:11,489 [INFO] DbMcusAds:125 - Set database path to: C:\Users\phung\.stmcufinder\plugins\mcufinder//mcu/
2023-12-15 08:47:11,489 [WARN] DbFile:41 - Overriding database path with different value: C:\Users\phung\.stmcufinder\plugins\mcufinder/ => C:\Users\phung\.stmcufinder\plugins\mcufinder
2023-12-15 08:47:11,489 [WARN] DbFile:41 - Overriding database path with different value: C:\Users\phung\.stmcufinder\plugins\mcufinder/ => C:\Users\phung\.stmcufinder\plugins\mcufinder
2023-12-15 08:47:12,222 [INFO] CrossReferenceDbSqlite:203 - Set database path to: C:\Users\phung\.stmcufinder\plugins\mcufinder//mcu/cs/
2023-12-15 08:47:12,247 [INFO] ApplicationProperties:184 - Using Application install path: D:\Softwares\STM32CubeIDE_1.13.2\STM32CubeIDE\plugins\com.st.stm32cube.common.mx_6.9.2.202309101412
2023-12-15 08:47:12,248 [INFO] PluginManage:196 - Search for loadable plugins [exclusion list=, ]
2023-12-15 08:47:12,249 [INFO] PluginManage:310 - Check plugin analytics
2023-12-15 08:47:13,357 [INFO] AnalyticsPlugin:253 - Accepted Software Licenses: STM32CubeMX.6.10.0
2023-12-15 08:47:13,357 [INFO] AnalyticsPlugin:255 - Accepted CMSIS Pack Licenses: 
2023-12-15 08:47:13,357 [INFO] AnalyticsPlugin:257 - Accepted Firmware Licenses: FW.F4.1.27.0,FW.F4.1.28.0
2023-12-15 08:47:13,362 [INFO] PluginManage:359 - Loaded plugin analytics (category:tool,tabindex:-1)
2023-12-15 08:47:13,363 [INFO] PluginManage:310 - Check plugin cadmodel
2023-12-15 08:47:13,376 [INFO] CADModel:105 - Init CAD model plugin
2023-12-15 08:47:13,376 [INFO] PluginManage:359 - Loaded plugin cadmodel (category:power,tabindex:5)
2023-12-15 08:47:13,376 [INFO] PluginManage:310 - Check plugin clock
2023-12-15 08:47:13,394 [INFO] PluginManage:359 - Loaded plugin clock (category:base,tabindex:2)
2023-12-15 08:47:13,394 [INFO] PluginManage:310 - Check plugin ddr
2023-12-15 08:47:13,396 [INFO] PluginManage:359 - Loaded plugin ddr (category:tool,tabindex:6)
2023-12-15 08:47:13,396 [INFO] PluginManage:310 - Check plugin filemanager
2023-12-15 08:47:13,538 [INFO] PluginManage:359 - Loaded plugin filemanager (category:base,tabindex:10)
2023-12-15 08:47:13,539 [INFO] PluginManage:310 - Check plugin ipmanager
2023-12-15 08:47:13,545 [INFO] PluginManage:359 - Loaded plugin ipmanager (category:base,tabindex:5)
2023-12-15 08:47:13,545 [INFO] PluginManage:310 - Check plugin lpbam
2023-12-15 08:47:13,563 [INFO] PluginManage:359 - Loaded plugin lpbam (category:base,tabindex:0)
2023-12-15 08:47:13,563 [INFO] PluginManage:310 - Check plugin memorymap
2023-12-15 08:47:13,584 [INFO] PluginManage:359 - Loaded plugin memorymap (category:base,tabindex:4)
2023-12-15 08:47:13,584 [INFO] PluginManage:310 - Check plugin pinoutandconfiguration
2023-12-15 08:47:13,607 [INFO] PluginManage:359 - Loaded plugin pinoutandconfiguration (category:base,tabindex:1)
2023-12-15 08:47:13,607 [INFO] PluginManage:310 - Check plugin pinoutconfig
2023-12-15 08:47:13,793 [WARN] SupportedApi:132 - Cannot load RTOS API schema: s4s-elt-must-match.1: The content of 'definitions' must match (annotation?, (simpleType | complexType)?, (unique | key | keyref)*)). A problem was found starting at: attribute.
2023-12-15 08:47:14,118 [INFO] PluginManage:359 - Loaded plugin pinoutconfig (category:base,tabindex:0)
2023-12-15 08:47:14,118 [INFO] PluginManage:310 - Check plugin power
2023-12-15 08:47:14,140 [INFO] PluginManage:359 - Loaded plugin power (category:power,tabindex:4)
2023-12-15 08:47:14,140 [INFO] PluginManage:310 - Check plugin projectmanager
2023-12-15 08:47:14,156 [INFO] PluginManage:359 - Loaded plugin projectmanager (category:projectmanager,tabindex:3)
2023-12-15 08:47:14,156 [INFO] PluginManage:310 - Check plugin thirdparty
2023-12-15 08:47:14,433 [WARN] IntegrityCheckThread:84 - waiting for thirdparty lock release [integrity check]
2023-12-15 08:47:14,433 [INFO] IntegrityCheckThread:86 - entering critical section [integrity check]
2023-12-15 08:47:14,434 [INFO] PluginManage:359 - Loaded plugin thirdparty (category:base,tabindex:-1)
2023-12-15 08:47:14,434 [INFO] PluginManage:310 - Check plugin tools
2023-12-15 08:47:14,435 [INFO] ThirdPartyUpdaterWithRetryManager:70 - Updater plugin not ready yet. [1/15]
2023-12-15 08:47:14,469 [INFO] PluginManage:359 - Loaded plugin tools (category:base,tabindex:7)
2023-12-15 08:47:14,470 [INFO] PluginManage:310 - Check plugin tutovideos
2023-12-15 08:47:14,659 [INFO] PluginManage:359 - Loaded plugin tutovideos (category:base,tabindex:-1)
2023-12-15 08:47:14,659 [INFO] PluginManage:310 - Check plugin updater
2023-12-15 08:47:14,671 [INFO] PluginManage:359 - Loaded plugin updater (category:base,tabindex:12)
2023-12-15 08:47:14,671 [INFO] PluginManage:310 - Check plugin userauth
2023-12-15 08:47:14,676 [INFO] UserAuth:113 - Init User Auth plugin
2023-12-15 08:47:14,676 [INFO] PluginManage:359 - Loaded plugin userauth (category:base,tabindex:14)
2023-12-15 08:47:14,677 [INFO] PluginManage:283 - PluginManage : Loaded plugins [17]
2023-12-15 08:47:14,928 [INFO] PinOutPanel:1499 - setPackage(No Configuration,No Configuration)
2023-12-15 08:47:15,046 [INFO] CADModel:165 - CPN selected for project level
2023-12-15 08:47:15,046 [INFO] CADModel:114 - Register for checkConnection events
2023-12-15 08:47:15,070 [INFO] IPUIPlugin:80 - create IPUIPlugin
2023-12-15 08:47:15,070 [INFO] PluginManager:220 - loadIPPluginJar : add adc
2023-12-15 08:47:15,098 [INFO] IPUIPlugin:80 - create IPUIPlugin
2023-12-15 08:47:15,098 [INFO] PluginManager:220 - loadIPPluginJar : add aes
2023-12-15 08:47:15,127 [INFO] IPUIPlugin:80 - create IPUIPlugin
2023-12-15 08:47:15,127 [INFO] PluginManager:220 - loadIPPluginJar : add can
2023-12-15 08:47:15,142 [INFO] IPUIPlugin:80 - create IPUIPlugin
2023-12-15 08:47:15,143 [INFO] PluginManager:220 - loadIPPluginJar : add comp
2023-12-15 08:47:15,166 [INFO] IPUIPlugin:80 - create IPUIPlugin
2023-12-15 08:47:15,166 [INFO] PluginManager:220 - loadIPPluginJar : add cryp
2023-12-15 08:47:15,187 [INFO] IPUIPlugin:80 - create IPUIPlugin
2023-12-15 08:47:15,187 [INFO] PluginManager:220 - loadIPPluginJar : add dfsdm
2023-12-15 08:47:15,198 [INFO] IPUIPlugin:80 - create IPUIPlugin
2023-12-15 08:47:15,198 [INFO] PluginManager:220 - loadIPPluginJar : add dma
2023-12-15 08:47:15,227 [INFO] IPUIPlugin:80 - create IPUIPlugin
2023-12-15 08:47:15,227 [INFO] PluginManager:220 - loadIPPluginJar : add dma3
2023-12-15 08:47:15,241 [INFO] IPUIPlugin:80 - create IPUIPlugin
2023-12-15 08:47:15,241 [INFO] PluginManager:220 - loadIPPluginJar : add fatfs
2023-12-15 08:47:15,273 [INFO] IPUIPlugin:80 - create IPUIPlugin
2023-12-15 08:47:15,273 [INFO] PluginManager:220 - loadIPPluginJar : add fmc
2023-12-15 08:47:15,285 [INFO] IPUIPlugin:80 - create IPUIPlugin
2023-12-15 08:47:15,285 [INFO] PluginManager:220 - loadIPPluginJar : add freertos
2023-12-15 08:47:15,299 [INFO] IPUIPlugin:80 - create IPUIPlugin
2023-12-15 08:47:15,299 [INFO] PluginManager:220 - loadIPPluginJar : add genericplugin
2023-12-15 08:47:15,363 [INFO] IPUIPlugin:80 - create IPUIPlugin
2023-12-15 08:47:15,363 [INFO] PluginManager:220 - loadIPPluginJar : add gfxmmu
2023-12-15 08:47:15,502 [INFO] IPUIPlugin:80 - create IPUIPlugin
2023-12-15 08:47:15,503 [INFO] PluginManager:220 - loadIPPluginJar : add gic
2023-12-15 08:47:15,516 [INFO] IPUIPlugin:80 - create IPUIPlugin
2023-12-15 08:47:15,516 [INFO] PluginManager:220 - loadIPPluginJar : add gpio
2023-12-15 08:47:15,623 [INFO] IPUIPlugin:80 - create IPUIPlugin
2023-12-15 08:47:15,623 [INFO] PluginManager:220 - loadIPPluginJar : add gtzc
2023-12-15 08:47:15,663 [INFO] IPUIPlugin:80 - create IPUIPlugin
2023-12-15 08:47:15,663 [INFO] PluginManager:220 - loadIPPluginJar : add hash
2023-12-15 08:47:15,739 [INFO] IPUIPlugin:80 - create IPUIPlugin
2023-12-15 08:47:15,740 [INFO] PluginManager:220 - loadIPPluginJar : add i2c
2023-12-15 08:47:15,798 [INFO] IPUIPlugin:80 - create IPUIPlugin
2023-12-15 08:47:15,798 [INFO] PluginManager:220 - loadIPPluginJar : add i2s
2023-12-15 08:47:15,858 [INFO] IPUIPlugin:80 - create IPUIPlugin
2023-12-15 08:47:15,858 [INFO] PluginManager:220 - loadIPPluginJar : add i3c
2023-12-15 08:47:16,029 [INFO] IPUIPlugin:80 - create IPUIPlugin
2023-12-15 08:47:16,030 [INFO] PluginManager:220 - loadIPPluginJar : add ipddr
2023-12-15 08:47:16,208 [INFO] IPUIPlugin:80 - create IPUIPlugin
2023-12-15 08:47:16,208 [INFO] PluginManager:220 - loadIPPluginJar : add linkedlist
2023-12-15 08:47:16,286 [INFO] IPUIPlugin:80 - create IPUIPlugin
2023-12-15 08:47:16,287 [INFO] PluginManager:220 - loadIPPluginJar : add lorawan
2023-12-15 08:47:16,382 [INFO] IPUIPlugin:80 - create IPUIPlugin
2023-12-15 08:47:16,383 [INFO] PluginManager:220 - loadIPPluginJar : add ltdc
2023-12-15 08:47:16,417 [INFO] IPUIPlugin:80 - create IPUIPlugin
2023-12-15 08:47:16,418 [INFO] PluginManager:220 - loadIPPluginJar : add mdma
2023-12-15 08:47:16,442 [INFO] IPUIPlugin:80 - create IPUIPlugin
2023-12-15 08:47:16,442 [INFO] PluginManager:220 - loadIPPluginJar : add nvic
2023-12-15 08:47:16,516 [INFO] IPUIPlugin:80 - create IPUIPlugin
2023-12-15 08:47:16,516 [INFO] PluginManager:220 - loadIPPluginJar : add opamp
2023-12-15 08:47:16,629 [INFO] IPUIPlugin:80 - create IPUIPlugin
2023-12-15 08:47:16,629 [INFO] PluginManager:220 - loadIPPluginJar : add openamp
2023-12-15 08:47:16,702 [INFO] IPUIPlugin:80 - create IPUIPlugin
2023-12-15 08:47:16,702 [INFO] PluginManager:220 - loadIPPluginJar : add pdm2pcm
2023-12-15 08:47:16,721 [INFO] IPUIPlugin:80 - create IPUIPlugin
2023-12-15 08:47:16,724 [INFO] PluginManager:220 - loadIPPluginJar : add plateformsettings
2023-12-15 08:47:16,759 [INFO] IPUIPlugin:80 - create IPUIPlugin
2023-12-15 08:47:16,760 [INFO] PluginManager:220 - loadIPPluginJar : add quadspi
2023-12-15 08:47:16,778 [INFO] IPUIPlugin:80 - create IPUIPlugin
2023-12-15 08:47:16,778 [INFO] PluginManager:220 - loadIPPluginJar : add resmgrutility
2023-12-15 08:47:16,856 [INFO] IPUIPlugin:80 - create IPUIPlugin
2023-12-15 08:47:16,857 [INFO] PluginManager:220 - loadIPPluginJar : add sai
2023-12-15 08:47:16,915 [INFO] IPUIPlugin:80 - create IPUIPlugin
2023-12-15 08:47:16,916 [INFO] PluginManager:220 - loadIPPluginJar : add spi
2023-12-15 08:47:17,001 [INFO] IPUIPlugin:80 - create IPUIPlugin
2023-12-15 08:47:17,001 [INFO] PluginManager:220 - loadIPPluginJar : add stm32_wpan
2023-12-15 08:47:17,036 [INFO] IPUIPlugin:80 - create IPUIPlugin
2023-12-15 08:47:17,036 [INFO] PluginManager:220 - loadIPPluginJar : add tim
2023-12-15 08:47:17,128 [INFO] IPUIPlugin:80 - create IPUIPlugin
2023-12-15 08:47:17,128 [INFO] PluginManager:220 - loadIPPluginJar : add touchsensing
2023-12-15 08:47:17,160 [INFO] IPUIPlugin:80 - create IPUIPlugin
2023-12-15 08:47:17,160 [INFO] PluginManager:220 - loadIPPluginJar : add tracer_emb
2023-12-15 08:47:17,190 [INFO] IPUIPlugin:80 - create IPUIPlugin
2023-12-15 08:47:17,190 [INFO] PluginManager:220 - loadIPPluginJar : add ts
2023-12-15 08:47:17,217 [INFO] IPUIPlugin:80 - create IPUIPlugin
2023-12-15 08:47:17,218 [INFO] PluginManager:220 - loadIPPluginJar : add tsc
2023-12-15 08:47:17,247 [INFO] IPUIPlugin:80 - create IPUIPlugin
2023-12-15 08:47:17,247 [INFO] PluginManager:220 - loadIPPluginJar : add ucpd
2023-12-15 08:47:17,303 [INFO] IPUIPlugin:80 - create IPUIPlugin
2023-12-15 08:47:17,303 [INFO] PluginManager:220 - loadIPPluginJar : add usart
2023-12-15 08:47:17,360 [INFO] IPUIPlugin:80 - create IPUIPlugin
2023-12-15 08:47:17,361 [INFO] PluginManager:220 - loadIPPluginJar : add usbx
2023-12-15 08:47:17,436 [INFO] ThirdPartyUpdaterWithRetryManager:70 - Updater plugin not ready yet. [2/15]
2023-12-15 08:47:17,489 [INFO] CADModel:165 - CPN selected for project level
2023-12-15 08:47:17,490 [INFO] CADModel:114 - Register for checkConnection events
2023-12-15 08:47:17,490 [FATAL] Updater:308 - Updater called before beeing initialized
2023-12-15 08:47:17,490 [ERROR] CADModel:125 - Updater not yet initialized, retry later 
2023-12-15 08:47:17,689 [INFO] CADModel:165 - CPN selected for project level
2023-12-15 08:47:17,689 [INFO] CADModel:114 - Register for checkConnection events
2023-12-15 08:47:17,689 [FATAL] Updater:308 - Updater called before beeing initialized
2023-12-15 08:47:17,689 [ERROR] CADModel:125 - Updater not yet initialized, retry later 
2023-12-15 08:47:17,695 [FATAL] Updater:308 - Updater called before beeing initialized
2023-12-15 08:47:17,848 [FATAL] Updater:308 - Updater called before beeing initialized
2023-12-15 08:47:17,862 [INFO] DbMcusAds:53 - JSON generation date=Wed Nov 29 17:52:27 ICT 2023 (1701255147349)
2023-12-15 08:47:17,863 [FATAL] Updater:308 - Updater called before beeing initialized
2023-12-15 08:47:17,958 [WARN] DetailPanel:346 - Failed to get advertising image, set to default
2023-12-15 08:47:18,059 [FATAL] Updater:308 - Updater called before beeing initialized
2023-12-15 08:47:18,062 [FATAL] Updater:308 - Updater called before beeing initialized
2023-12-15 08:47:18,063 [FATAL] Updater:308 - Updater called before beeing initialized
2023-12-15 08:47:18,063 [WARN] DetailPanel:346 - Failed to get advertising image, set to default
2023-12-15 08:47:18,064 [FATAL] Updater:308 - Updater called before beeing initialized
2023-12-15 08:47:18,148 [ERROR] Updater:1120 - MainUpdater not yet initialized. External WinMGr cannot be set.
2023-12-15 08:47:18,157 [INFO] Updater:1056 - Updater Version found : 6.9.2
2023-12-15 08:47:18,177 [INFO] ApplicationProperties:184 - Using Application install path: D:\Softwares\STM32CubeIDE_1.13.2\STM32CubeIDE\plugins\com.st.stm32cube.common.mx_6.9.2.202309101412
2023-12-15 08:47:18,276 [INFO] MainUpdater:521 - Copy updater definitions from MX database
2023-12-15 08:47:18,449 [INFO] MainUpdater:2868 - connection check result : 10
2023-12-15 08:47:18,449 [INFO] MainUpdater:3562 - Updater definition file requires update
2023-12-15 08:47:18,450 [INFO] MainUpdater:285 - Updater Check For Update Now.
2023-12-15 08:47:18,450 [INFO] MicroXplorer:498 - Change Database Version : DB.6.0.92
2023-12-15 08:47:18,478 [INFO] McuFinderGlobals:63 - Set McuFinder mode to 2 (CubeIDE integrated)
2023-12-15 08:47:21,505 [INFO] ServerAccessManage:473 - Download File updaters.zip
2023-12-15 08:47:21,537 [WARN] MainUpdater:1189 - Updater busy. Cannot search thirdparties
2023-12-15 08:47:21,537 [INFO] ThirdPartyUpdaterWithRetryManager:96 - Updater plugin is busy. [1/15]
2023-12-15 08:47:21,603 [INFO] FileExtend:240 - Unzip File : updaters.zip
2023-12-15 08:47:21,603 [INFO] FileExtend:255 - Standard Zip Deflate
2023-12-15 08:47:23,183 [INFO] ServerAccessManage:473 - Download File PacksControlFlags.xml
2023-12-15 08:47:24,385 [INFO] ServerAccessManage:473 - Download File cubemx.pidx
2023-12-15 08:47:24,551 [WARN] MainUpdater:1189 - Updater busy. Cannot search thirdparties
2023-12-15 08:47:24,551 [INFO] ThirdPartyUpdaterWithRetryManager:96 - Updater plugin is busy. [2/15]
2023-12-15 08:47:24,551 [INFO] LoadServerUpdatesThread:373 - End of LoadServerUpdate Thread
2023-12-15 08:47:24,740 [INFO] CheckServerUpdateThread:120 - End of CheckServer Thread
2023-12-15 08:47:27,817 [WARN] PackLoader:240 - Cannot read IP mode file for STMicroelectronics.X-CUBE-SMBUS.2.1.0
2023-12-15 08:47:27,849 [WARN] PackLoader:240 - Cannot read IP mode file for STMicroelectronics.X-CUBE-TOUCHGFX.4.23.0
2023-12-15 08:47:27,927 [WARN] PackLoader:240 - Cannot read IP mode file for STMicroelectronics.X-CUBE-AZRTOS-F7.1.1.0
2023-12-15 08:47:27,971 [WARN] PackLoader:240 - Cannot read IP mode file for STMicroelectronics.FP-SNS-MOTENV1.4.3.2
2023-12-15 08:47:27,994 [WARN] PackLoader:240 - Cannot read IP mode file for STMicroelectronics.FP-SNS-FLIGHT1.5.0.2
2023-12-15 08:47:28,021 [WARN] PackLoader:240 - Cannot read IP mode file for STMicroelectronics.X-CUBE-DISPLAY.3.0.0
2023-12-15 08:47:28,070 [WARN] PackLoader:240 - Cannot read IP mode file for STMicroelectronics.X-CUBE-BLE1.7.0.0
2023-12-15 08:47:28,086 [WARN] PackLoader:240 - Cannot read IP mode file for emotas.I-CUBE-CANOPEN.1.3.0
2023-12-15 08:47:28,118 [WARN] PackLoader:240 - Cannot read IP mode file for STMicroelectronics.X-CUBE-TOUCHGFX.4.22.1
2023-12-15 08:47:28,134 [WARN] PackLoader:240 - Cannot read IP mode file for STMicroelectronics.FP-SNS-SMARTAG2.1.2.0
2023-12-15 08:47:28,180 [INFO] LogOutputStream:77 - [STDOUT_REDIRECT] 1 : Invalid condition id : UX_CORESTACK_Condition cause : null
2023-12-15 08:47:28,182 [INFO] LogOutputStream:77 - [STDOUT_REDIRECT] 1 : Invalid condition id : UX_CORESTACK_Condition cause : null
2023-12-15 08:47:28,184 [INFO] LogOutputStream:77 - [STDOUT_REDIRECT] 1 : Invalid condition id : UX_CORESTACK_Condition cause : null
2023-12-15 08:47:28,187 [INFO] LogOutputStream:77 - [STDOUT_REDIRECT] 1 : Invalid condition id : UX_CORESTACK_Condition cause : null
2023-12-15 08:47:28,188 [INFO] LogOutputStream:77 - [STDOUT_REDIRECT] 1 : Invalid condition id : UX_CORESTACK_Condition cause : null
2023-12-15 08:47:28,215 [WARN] PackLoader:240 - Cannot read IP mode file for STMicroelectronics.X-CUBE-AZRTOS-WL.2.0.0
2023-12-15 08:47:28,260 [WARN] PackLoader:240 - Cannot read IP mode file for WES.I-CUBE-Cesium.1.3.0
2023-12-15 08:47:28,281 [WARN] PackLoader:240 - Cannot read IP mode file for STMicroelectronics.X-CUBE-BLE2.3.3.0
2023-12-15 08:47:28,304 [WARN] PackLoader:240 - Cannot read IP mode file for STMicroelectronics.X-CUBE-ALGOBUILD.1.3.0
2023-12-15 08:47:28,367 [WARN] PackLoader:240 - Cannot read IP mode file for STMicroelectronics.X-CUBE-AZRTOS-G0.1.1.0
2023-12-15 08:47:28,400 [WARN] PackLoader:240 - Cannot read IP mode file for STMicroelectronics.X-CUBE-NFC4.3.0.0
2023-12-15 08:47:28,446 [WARN] PackLoader:240 - Cannot read IP mode file for STMicroelectronics.X-CUBE-BLEMGR.3.0.0
2023-12-15 08:47:28,475 [WARN] PackLoader:240 - Cannot read IP mode file for STMicroelectronics.FP-ATR-SIGFOX1.3.2.0
2023-12-15 08:47:28,586 [WARN] PackLoader:240 - Cannot read IP mode file for SEGGER.I-CUBE-embOS.1.3.1
2023-12-15 08:47:28,667 [WARN] PackLoader:240 - Cannot read IP mode file for STMicroelectronics.X-CUBE-GNSS1.6.0.0
2023-12-15 08:47:28,721 [WARN] PackLoader:240 - Cannot read IP mode file for STMicroelectronics.X-CUBE-AZRTOS-F4.1.1.0
2023-12-15 08:47:28,739 [WARN] PackLoader:240 - Cannot read IP mode file for wolfSSL.I-CUBE-wolfSSL.5.6.3
2023-12-15 08:47:28,787 [WARN] PackLoader:240 - Cannot read IP mode file for STMicroelectronics.X-CUBE-AZRTOS-L5.2.0.0
2023-12-15 08:47:28,865 [WARN] PackLoader:240 - Cannot read IP mode file for STMicroelectronics.X-CUBE-MEMS1.9.6.0
2023-12-15 08:47:29,067 [WARN] PackLoader:240 - Cannot read IP mode file for STMicroelectronics.X-CUBE-EEPRMA1.4.2.0
2023-12-15 08:47:29,090 [WARN] PackLoader:240 - Cannot read IP mode file for ITTIA_DB.I-CUBE-ITTIADB.8.8.0
2023-12-15 08:47:29,105 [WARN] PackLoader:240 - Cannot read IP mode file for STMicroelectronics.X-CUBE-BLEMGR.2.0.0
2023-12-15 08:47:29,137 [WARN] ConditionMgr:438 - getConditionDescription Invalid condition id : UX DEVICE CLASS RTOS Condition cause : null
2023-12-15 08:47:29,137 [WARN] ConditionMgr:438 - getConditionDescription Invalid condition id : UX DEVICE CLASS RTOS Condition cause : null
2023-12-15 08:47:29,153 [WARN] PackLoader:240 - Cannot read IP mode file for STMicroelectronics.X-CUBE-AZRTOS-H7.3.1.0
2023-12-15 08:47:29,153 [WARN] ConditionMgr:1039 - genDependencies : Invalid condition id : UX DEVICE CLASS RTOS Condition cause : null
2023-12-15 08:47:29,153 [WARN] ConditionMgr:1039 - genDependencies : Invalid condition id : UX DEVICE CLASS RTOS Condition cause : null
2023-12-15 08:47:29,153 [WARN] ConditionMgr:1039 - genDependencies : Invalid condition id : UX DEVICE CLASS RTOS Condition cause : null
2023-12-15 08:47:29,153 [WARN] ConditionMgr:1039 - genDependencies : Invalid condition id : UX DEVICE CLASS RTOS Condition cause : null
2023-12-15 08:47:29,153 [WARN] ConditionMgr:1039 - genDependencies : Invalid condition id : UX DEVICE CLASS RTOS Condition cause : null
2023-12-15 08:47:29,178 [WARN] PackLoader:240 - Cannot read IP mode file for STMicroelectronics.X-CUBE-NFC7.1.0.1
2023-12-15 08:47:29,204 [WARN] PackLoader:240 - Cannot read IP mode file for STMicroelectronics.X-CUBE-NFC6.3.0.0
2023-12-15 08:47:29,230 [WARN] PackLoader:240 - Cannot read IP mode file for STMicroelectronics.X-CUBE-EEPRMA1.4.1.0
2023-12-15 08:47:29,247 [WARN] PackLoader:240 - Cannot read IP mode file for STMicroelectronics.X-CUBE-AI.8.1.0
2023-12-15 08:47:29,291 [WARN] ConditionMgr:438 - getConditionDescription Invalid condition id : LAN8742 Phy interface Condition cause : null
2023-12-15 08:47:29,294 [WARN] PackLoader:240 - Cannot read IP mode file for STMicroelectronics.X-CUBE-AZRTOS-L4.2.0.0
2023-12-15 08:47:29,296 [WARN] ConditionMgr:1039 - genDependencies : Invalid condition id : LAN8742 Phy interface Condition cause : null
2023-12-15 08:47:29,296 [WARN] ConditionMgr:1039 - genDependencies : Invalid condition id : LAN8742 Phy interface Condition cause : null
2023-12-15 08:47:29,296 [WARN] ConditionMgr:1039 - genDependencies : Invalid condition id : LAN8742 Phy interface Condition cause : null
2023-12-15 08:47:29,323 [WARN] PackLoader:240 - Cannot read IP mode file for STMicroelectronics.X-CUBE-SFXS2LP1.4.0.0
2023-12-15 08:47:29,343 [WARN] PackLoader:240 - Cannot read IP mode file for STMicroelectronics.X-CUBE-ISPU.1.1.0
2023-12-15 08:47:29,373 [WARN] ConditionMgr:438 - getConditionDescription Invalid condition id : UX DEVICE CLASS RTOS Condition cause : null
2023-12-15 08:47:29,373 [WARN] ConditionMgr:438 - getConditionDescription Invalid condition id : UX DEVICE CLASS RTOS Condition cause : null
2023-12-15 08:47:29,377 [WARN] PackLoader:240 - Cannot read IP mode file for STMicroelectronics.X-CUBE-AZRTOS-WB.2.0.0
2023-12-15 08:47:29,378 [WARN] ConditionMgr:1039 - genDependencies : Invalid condition id : UX DEVICE CLASS RTOS Condition cause : null
2023-12-15 08:47:29,378 [WARN] ConditionMgr:1039 - genDependencies : Invalid condition id : UX DEVICE CLASS RTOS Condition cause : null
2023-12-15 08:47:29,379 [WARN] ConditionMgr:1039 - genDependencies : Invalid condition id : UX DEVICE CLASS RTOS Condition cause : null
2023-12-15 08:47:29,379 [WARN] ConditionMgr:1039 - genDependencies : Invalid condition id : UX DEVICE CLASS RTOS Condition cause : null
2023-12-15 08:47:29,380 [WARN] ConditionMgr:1039 - genDependencies : Invalid condition id : UX DEVICE CLASS RTOS Condition cause : null
2023-12-15 08:47:29,404 [WARN] PackLoader:240 - Cannot read IP mode file for STMicroelectronics.X-CUBE-SUBG2.5.0.0
2023-12-15 08:47:29,437 [WARN] PackLoader:240 - Cannot read IP mode file for STMicroelectronics.X-CUBE-TOF1.3.3.1
2023-12-15 08:47:29,484 [WARN] PackLoader:240 - Cannot read IP mode file for STMicroelectronics.X-CUBE-AZRTOS-G4.2.0.0
2023-12-15 08:47:29,533 [WARN] PackLoader:240 - Cannot read IP mode file for Infineon.AIROC-Wi-Fi-Bluetooth-STM32.1.5.1
2023-12-15 08:47:29,557 [WARN] PackLoader:240 - Cannot read IP mode file for STMicroelectronics.FP-SNS-MOTENVWB1.1.3.0
2023-12-15 08:47:29,574 [WARN] PackLoader:240 - Cannot read IP mode file for STMicroelectronics.FP-SNS-MOTENVWB1.1.3.1
2023-12-15 08:47:29,596 [WARN] PackLoader:240 - Cannot read IP mode file for STMicroelectronics.X-CUBE-ISPU.2.0.0
2023-12-15 08:47:29,657 [WARN] PackLoader:240 - Cannot read IP mode file for STMicroelectronics.X-CUBE-MEMS1.10.0.0
2023-12-15 08:47:29,836 [WARN] PackLoader:240 - Cannot read IP mode file for STMicroelectronics.X-CUBE-FREERTOS.1.1.0
2023-12-15 08:47:29,849 [WARN] PackLoader:240 - Cannot read IP mode file for portGmbH.I-Cube-SoM-uGOAL.1.1.0
2023-12-15 08:47:29,863 [WARN] PackLoader:240 - Cannot read IP mode file for STMicroelectronics.X-CUBE-ALS.1.0.1
2023-12-15 08:47:29,876 [WARN] PackLoader:240 - Cannot read IP mode file for STMicroelectronics.FP-ATR-ASTRA1.2.0.0
2023-12-15 08:47:29,892 [WARN] PackLoader:240 - Cannot read IP mode file for STMicroelectronics.X-CUBE-TOF1.3.4.0
2023-12-15 08:47:29,923 [WARN] PackLoader:240 - Cannot read IP mode file for STMicroelectronics.X-CUBE-AZRTOS-H7.3.2.0
2023-12-15 08:47:29,939 [INFO] ThirdParty:978 - Integrity check success = true
2023-12-15 08:47:29,939 [INFO] IntegrityCheckThread:100 - exiting critical section [integrity check]
2023-12-15 08:47:29,939 [INFO] IntegrityCheckThread:103 - End integrity checks thread
2023-12-15 08:47:41,817 [ERROR] LogOutputStream:75 - [STDERR_REDIRECT] SLF4J: Failed to load class "org.slf4j.impl.StaticLoggerBinder".
2023-12-15 08:47:41,817 [ERROR] LogOutputStream:75 - [STDERR_REDIRECT] SLF4J: Defaulting to no-operation (NOP) logger implementation
2023-12-15 08:47:41,817 [ERROR] LogOutputStream:75 - [STDERR_REDIRECT] SLF4J: See http://www.slf4j.org/codes.html#StaticLoggerBinder for further details.
2023-12-15 10:58:46,401 [INFO] McuFinderGlobals:63 - Set McuFinder mode to 2 (CubeIDE integrated)
2023-12-15 10:58:46,419 [INFO] MainUpdater:2868 - connection check result : 10
2023-12-15 10:58:46,423 [INFO] MainUpdater:2868 - connection check result : 10
2023-12-15 10:58:46,552 [INFO] MicroXplorer:468 - Change Database Path : 
2023-12-15 10:58:46,552 [INFO] MicroXplorer:498 - Change Database Version : DB.6.0.92
2023-12-15 10:58:46,558 [WARN] ThirdParty:871 - waiting for thirdparty lock release [close project]
2023-12-15 10:58:46,558 [INFO] ThirdParty:873 - entering critical section [close project]
2023-12-15 10:58:46,560 [INFO] ThirdParty:883 - exiting critical section [close project]
2023-12-15 10:58:46,562 [INFO] PinOutPanel:1499 - setPackage(No Configuration,No Configuration)
2023-12-15 10:58:46,569 [INFO] UtilMem:75 - Begin LoadConfig() Used Memory: 695858984 Bytes (1073741824)
2023-12-15 10:58:46,570 [INFO] MicroXplorer:468 - Change Database Path : 
2023-12-15 10:58:46,570 [INFO] MicroXplorer:498 - Change Database Version : DB.6.0.92
2023-12-15 10:58:46,570 [INFO] OpenFileManager:308 - Change cursor
2023-12-15 10:58:46,633 [INFO] Mcu:1946 - Initializing MCU STM32F429ZITx STM32F429ZITx STM32F429ZIT6
2023-12-15 10:58:49,402 [INFO] Context:659 - Trying to add GPIOservice into a context  which must be forbidden
2023-12-15 10:58:50,462 [INFO] RtosManager:555 - Registered RTOS mode: class=CMSIS, group=RTOS, mode=CMSIS_V1, owner=FREERTOS
2023-12-15 10:58:50,463 [INFO] RtosManager:555 - Registered RTOS mode: class=CMSIS, group=RTOS2, mode=CMSIS_V2, owner=FREERTOS
2023-12-15 10:58:50,463 [INFO] RtosManager:555 - Registered RTOS mode: class=RTOS, group=Core, mode=CMSIS_V1, owner=FREERTOS
2023-12-15 10:58:50,463 [INFO] RtosManager:555 - Registered RTOS mode: class=RTOS, group=Core, mode=CMSIS_V2, owner=FREERTOS
2023-12-15 10:58:50,463 [WARN] ModelIntegratedComponent:184 - Missing modes for component STMicroelectronics:FreeRTOS:0.0.1:STMicroelectronics:RTOS:FreeRTOS:Core:::10.2.0:
2023-12-15 10:58:50,482 [WARN] ModelIntegratedComponent:63 - No mode defined for component null
2023-12-15 10:58:50,482 [WARN] ModelIntegratedComponent:63 - No mode defined for component null
2023-12-15 10:58:50,482 [WARN] ModelIntegratedComponent:63 - No mode defined for component null
2023-12-15 10:58:50,482 [WARN] ModelIntegratedComponent:63 - No mode defined for component null
2023-12-15 10:58:50,482 [WARN] ModelIntegratedComponent:63 - No mode defined for component null
2023-12-15 10:58:50,482 [WARN] ModelIntegratedComponent:63 - No mode defined for component null
2023-12-15 10:58:50,482 [WARN] ModelIntegratedComponent:63 - No mode defined for component null
2023-12-15 10:58:50,482 [WARN] ModelIntegratedComponent:63 - No mode defined for component null
2023-12-15 10:58:50,482 [WARN] ModelIntegratedComponent:63 - No mode defined for component null
2023-12-15 10:58:50,482 [WARN] ModelIntegratedComponent:63 - No mode defined for component null
2023-12-15 10:58:50,483 [WARN] ModelIntegratedComponent:63 - No mode defined for component null
2023-12-15 10:58:50,483 [WARN] ModelIntegratedComponent:63 - No mode defined for component null
2023-12-15 10:58:50,483 [WARN] ModelIntegratedComponent:63 - No mode defined for component null
2023-12-15 10:58:50,483 [WARN] ModelIntegratedComponent:63 - No mode defined for component null
2023-12-15 10:58:50,483 [WARN] ModelIntegratedComponent:63 - No mode defined for component null
2023-12-15 10:58:50,483 [WARN] ModelIntegratedComponent:63 - No mode defined for component null
2023-12-15 10:58:50,483 [WARN] ModelIntegratedComponent:63 - No mode defined for component null
2023-12-15 10:58:50,483 [WARN] ModelIntegratedComponent:63 - No mode defined for component null
2023-12-15 10:58:50,483 [WARN] ModelIntegratedComponent:63 - No mode defined for component null
2023-12-15 10:58:50,483 [WARN] ModelIntegratedComponent:63 - No mode defined for component null
2023-12-15 10:58:50,483 [WARN] ModelIntegratedComponent:63 - No mode defined for component null
2023-12-15 10:58:50,484 [WARN] ModelIntegratedComponent:63 - No mode defined for component null
2023-12-15 10:58:50,484 [WARN] ModelIntegratedComponent:63 - No mode defined for component null
2023-12-15 10:58:50,484 [WARN] ModelIntegratedComponent:63 - No mode defined for component null
2023-12-15 10:58:50,484 [WARN] ModelIntegratedComponent:63 - No mode defined for component null
2023-12-15 10:58:50,484 [WARN] ModelIntegratedComponent:63 - No mode defined for component null
2023-12-15 10:58:50,484 [WARN] ModelIntegratedComponent:63 - No mode defined for component null
2023-12-15 10:58:50,484 [WARN] ModelIntegratedComponent:63 - No mode defined for component null
2023-12-15 10:58:50,484 [WARN] ModelIntegratedComponent:63 - No mode defined for component null
2023-12-15 10:58:50,484 [WARN] ModelIntegratedComponent:63 - No mode defined for component null
2023-12-15 10:58:50,484 [WARN] ModelIntegratedComponent:63 - No mode defined for component null
2023-12-15 10:58:50,484 [WARN] ModelIntegratedComponent:63 - No mode defined for component null
2023-12-15 10:58:50,484 [WARN] ModelIntegratedComponent:63 - No mode defined for component null
2023-12-15 10:58:50,598 [INFO] ThirdPartyModel:298 - Start build external matchings
2023-12-15 10:58:51,332 [INFO] ThirdPartyModel:316 - End build external matchings
2023-12-15 10:58:51,366 [INFO] RtosManager:919 - Current active RTOS is FREERTOS [Cortex-M4NS]
2023-12-15 10:58:51,376 [INFO] ImportTextPane:194 - (OptionalMessage_ERROR) IP (RCC) : Invalid parameter (FamilyName)
2023-12-15 10:58:51,376 [INFO] ImportTextPane:194 - (OptionalMessage_ERROR) IP (RCC) : Parameter (MCO2PinFreq_Value) has invalid value (168000000)
2023-12-15 10:58:51,377 [INFO] ImportTextPane:194 - (OptionalMessage_ERROR) IP (RCC) : Parameter (RTCHSEDivFreq_Value) has invalid value (4000000)
2023-12-15 10:58:51,382 [WARN] IP:2114 - DEVICE_SERIAL0_CDC_HS not found: check if there is a RefParameter without a condition.
2023-12-15 10:58:51,382 [WARN] IP:2114 - DEVICE_SERIAL1_CDC_HS not found: check if there is a RefParameter without a condition.
2023-12-15 10:58:51,382 [WARN] IP:2114 - DEVICE_SERIAL2_CDC_HS not found: check if there is a RefParameter without a condition.
2023-12-15 10:58:51,890 [INFO] UtilMem:75 - End LoadConfig() Used Memory: 566568336 Bytes (1073741824)
2023-12-15 10:58:52,085 [INFO] ApiDb:581 - Connected to CubeFinder SQLite database (C:\Users\phung\.stmcufinder\plugins\mcufinder\mcu\cube-finder-db.db)
2023-12-15 10:58:52,162 [INFO] ApiDb:668 - CubeFinder database Data Model version=2.1
2023-12-15 10:58:52,162 [INFO] ApiDb:669 - CubeFinder database Configuration version=3.0.39
2023-12-15 10:58:52,163 [INFO] ApiDb:670 - CubeFinder database generation date=2023-11-06 (1699269565)
2023-12-15 10:58:52,163 [INFO] ApiDb:671 - CubeFinder database FW Pack versions=[FP-ATR-ASTRA1_V2.0.0, FP-SNS-FLIGHT1_V5.0.1, FP-SNS-FLIGHT1_V5.0.2, FP-SNS-MOTENV1_V4.3.1, FP-SNS-MOTENV1_V4.3.2, FP-SNS-MOTENVWB1_V1.3.0, FP-SNS-SMARTAG2_V1.2.0, STM32Cube_FW_C0_V1.1.0, STM32Cube_FW_F4_V1.28.0, STM32Cube_FW_F7_V1.17.0, STM32Cube_FW_G0_V1.6.1, STM32Cube_FW_G4_V1.5.1, STM32Cube_FW_H5_V0.5.1, STM32Cube_FW_H5_V1.1.1, STM32Cube_FW_H5_V1.2.0RC2, STM32Cube_FW_H7_V1.11.0, STM32Cube_FW_L0_V1.12.2, STM32Cube_FW_L5_V1.5.0, STM32Cube_FW_U5_V1.3.0RC4, STM32Cube_FW_U5_V1.4.0, STM32Cube_FW_WBA_V1.0.0RC1, STM32Cube_FW_WBA_V1.1.0RC1, STM32Cube_FW_WBA_V1.2.0, STM32Cube_FW_WBA_V1.2.0RC2, STM32Cube_FW_WB_V1.15.0RC1, STM32Cube_FW_WB_V1.16.0, STM32Cube_FW_WB_V1.16.0RC2, STM32Cube_FW_WB_V1.18.0, STM32Cube_FW_WL_V1.3.0, X-CUBE-ALGOBUILD_V1.3.0, X-CUBE-ALS_V1.0.1, X-CUBE-AZRTOS-F4_V1.1.0, X-CUBE-AZRTOS-F7_V1.1.0, X-CUBE-AZRTOS-G0_V1.1.0, X-CUBE-AZRTOS-G4_V2.0.0, X-CUBE-AZRTOS-H7_V3.1.0, X-CUBE-AZRTOS-L4_V1.0.0, X-CUBE-AZRTOS-L4_V2.0.0, X-CUBE-AZRTOS-L5_V1.1.0, X-CUBE-AZRTOS-WB_V2.0.0, X-CUBE-AZRTOS-WL_V2.0.0, X-CUBE-BLE1_V7.0.0, X-CUBE-BLE2_V3.3.0, X-CUBE-BLEMGR_V2.0.0, X-CUBE-EEPRMA1_V4.1.0, X-CUBE-EEPRMA1_V4.2.0, X-CUBE-FREERTOS_V1.1.0, X-CUBE-GNSS1_V6.0.0, X-CUBE-MEMS1_V10.0.0, X-CUBE-MEMS1_V9.1.0, X-CUBE-MEMS1_V9.4.0, X-CUBE-MEMS1_V9.6.0, X-CUBE-NFC4_V3.0.0, X-CUBE-NFC7_V1.0.1, X-CUBE-SFXS2LP1_V4.0.0, X-CUBE-SUBG2_V5.0.0, X-CUBE-TOF1_V3.3.1]
2023-12-15 10:58:53,916 [INFO] ApiDb:240 - Found 323 in-development CPN: [B-G473E-ZEST1S, B-WB1M-WPAN1, B-WL5M-SUBG1, NUCLEO-C031C6, NUCLEO-H503RB, NUCLEO-H563ZI, NUCLEO-U545RE-Q, NUCLEO-U5A5ZJ-Q, NUCLEO-WBA52CG, STEVAL-PROTEUS1, STEVAL-SMARTAG2, STEVAL-STWINBX1, STM320518-EVAL, STM32C0116-DK, STM32C011D6Y3TR, STM32C011D6Y6TR, STM32C011F4P3, STM32C011F4P6, STM32C011F4U3, STM32C011F4U6TR, STM32C011F6P3, STM32C011F6P6, STM32C011F6U3, STM32C011F6U6TR, STM32C011J4M3, STM32C011J4M6, STM32C011J6M3, STM32C011J6M6, STM32C0316-DK, STM32C031C4T3, STM32C031C4T6, STM32C031C4U3, STM32C031C4U6, STM32C031C6T3, STM32C031C6T6, STM32C031C6U3, STM32C031C6U6, STM32C031F4P3, STM32C031F4P6, STM32C031F6P3, STM32C031F6P6, STM32C031G4U3, STM32C031G4U6, STM32C031G6U3, STM32C031G6U6, STM32C031K4T3, STM32C031K4T6, STM32C031K4U3, STM32C031K4U6, STM32C031K6T3, STM32C031K6T6, STM32C031K6U3, STM32C031K6U6, STM32G071K8TXN, STM32G071K8UXN, STM32G081GBU6N, STM32G081KBT6N, STM32G081KBUXN, STM32G0B1CCT6N, STM32G0B1KCT6, STM32G0B1NEY6TR, STM32G0B1RCT6N, STM32G0C1CCT6, STM32G0C1CCT6N, STM32G0C1CCU6N, STM32G0C1CET6N, STM32G0C1CEU6N, STM32G0C1KCT6, STM32G0C1NEY6TR, STM32G0C1RCI6N, STM32G0C1RCT6N, STM32G0C1REI6N, STM32G0C1RET6N, STM32G0C1VCI6, STM32G0C1VEI6, STM32G471CCT6, STM32G471CCU6, STM32G471CET3, STM32G471CET6, STM32G471CEU3, STM32G471CEU6, STM32G471MCT6, STM32G471MET3, STM32G471MET6, STM32G471MEY6TR, STM32G471QCT6, STM32G471QET3, STM32G471RCT6, STM32G471RET3, STM32G471RET6, STM32G471VCH6, STM32G471VCI6, STM32G471VCT6, STM32G471VEH3, STM32G471VEH6, STM32G471VEI3, STM32G471VEI6, STM32G471VET3, STM32G471VET6, STM32G474CCT6, STM32H503CBT6, STM32H503CBU6, STM32H503EBY6TR, STM32H503KBU6, STM32H503RBT6, STM32H562AGI6, STM32H562AII6, STM32H562IGK6, STM32H562IGT6, STM32H562IIK6, STM32H562IIT6, STM32H562RGT6, STM32H562RGV6, STM32H562RIT6, STM32H562RIV6, STM32H562VGT6, STM32H562VIT6, STM32H562ZGT6, STM32H562ZIT6, STM32H563AGI6, STM32H563AII3Q, STM32H563AII6, STM32H563IGK6, STM32H563IGT6, STM32H563IIK3Q, STM32H563IIK6, STM32H563IIT3Q, STM32H563IIT6, STM32H563MIY3QTR, STM32H563RGT6, STM32H563RGV6, STM32H563RIT6, STM32H563RIV6, STM32H563VGT6, STM32H563VIT3Q, STM32H563VIT6, STM32H563ZGT6, STM32H563ZIT3Q, STM32H563ZIT6, STM32H573AII3Q, STM32H573AII6, STM32H573I-DK, STM32H573IIK3Q, STM32H573IIK6, STM32H573IIT3Q, STM32H573IIT6, STM32H573MIY3QTR, STM32H573RIT6, STM32H573RIV6, STM32H573VIT3Q, STM32H573VIT6, STM32H573ZIT3Q, STM32H573ZIT6, STM32L4R5QGI6STR, STM32MP131AAE3, STM32MP131AAF3, STM32MP131AAG3, STM32MP131CAE3, STM32MP131CAF3, STM32MP131CAG3, STM32MP131DAE7, STM32MP131DAF7, STM32MP131DAG7, STM32MP131FAE7, STM32MP131FAF7, STM32MP131FAG7, STM32MP133AAE3, STM32MP133AAF3, STM32MP133AAG3, STM32MP133CAE3, STM32MP133CAF3, STM32MP133CAG3, STM32MP133DAE7, STM32MP133DAF7, STM32MP133DAG7, STM32MP133FAE7, STM32MP133FAF7, STM32MP133FAG7, STM32MP135AAE3, STM32MP135AAF3, STM32MP135AAG3, STM32MP135CAE3, STM32MP135CAF3, STM32MP135CAG3, STM32MP135DAE7, STM32MP135DAF7, STM32MP135DAG7, STM32MP135F-DK, STM32MP135FAE7, STM32MP135FAF7, STM32MP135FAF7T, STM32MP135FAF7U, STM32MP135FAG7, STM32U535CBT6, STM32U535CBT6Q, STM32U535CBU6, STM32U535CBU6Q, STM32U535CCT6, STM32U535CCT6Q, STM32U535CCU6, STM32U535CCU6Q, STM32U535CET6, STM32U535CET6Q, STM32U535CEU6, STM32U535CEU6Q, STM32U535JEY6QTR, STM32U535NCY6QTR, STM32U535NEY6QTR, STM32U535RBI6, STM32U535RBI6Q, STM32U535RBT6, STM32U535RBT6Q, STM32U535RCI6, STM32U535RCI6Q, STM32U535RCT6, STM32U535RCT6Q, STM32U535REI6, STM32U535REI6Q, STM32U535RET6, STM32U535RET6Q, STM32U535VCI6, STM32U535VCI6Q, STM32U535VCT6, STM32U535VCT6Q, STM32U535VEI6, STM32U535VEI6Q, STM32U535VET6, STM32U535VET6Q, STM32U545CET6, STM32U545CET6Q, STM32U545CEU6, STM32U545CEU6Q, STM32U545JEY6QTR, STM32U545NEY6QTR, STM32U545REI6, STM32U545REI6Q, STM32U545RET6, STM32U545RET6Q, STM32U545VEI6, STM32U545VEI6Q, STM32U545VET6, STM32U545VET6Q, STM32U595AIH6, STM32U595AIH6Q, STM32U595AJH6, STM32U595AJH6Q, STM32U595QII6, STM32U595QII6Q, STM32U595QJI6, STM32U595QJI6Q, STM32U595RIT6, STM32U595RIT6Q, STM32U595RJT6, STM32U595RJT6Q, STM32U595VIT6, STM32U595VIT6Q, STM32U595VJT6, STM32U595VJT6Q, STM32U595ZIT6, STM32U595ZIT6Q, STM32U595ZIY6QTR, STM32U595ZJT6, STM32U595ZJT6Q, STM32U595ZJY6QTR, STM32U599BJY6QTR, STM32U599NIH6Q, STM32U599NJH6Q, STM32U599VIT6Q, STM32U599VJT6, STM32U599VJT6Q, STM32U599ZIT6Q, STM32U599ZIY6QTR, STM32U599ZJT6Q, STM32U599ZJY6QTR, STM32U5A5AJH6, STM32U5A5AJH6Q, STM32U5A5QJI6, STM32U5A5QJI6Q, STM32U5A5RJT6, STM32U5A5RJT6Q, STM32U5A5VJT6, STM32U5A5VJT6Q, STM32U5A5ZJT6, STM32U5A5ZJT6Q, STM32U5A5ZJY6QTR, STM32U5A9BJY6QTR, STM32U5A9J-DK, STM32U5A9NJH6Q, STM32U5A9VJT6Q, STM32U5A9ZJT6Q, STM32U5A9ZJY6QTR, STM32U5F7VIT6, STM32U5F7VIT6Q, STM32U5F7VJT6, STM32U5F7VJT6Q, STM32U5F9BJY6QTR, STM32U5F9NJH6Q, STM32U5F9VIT6Q, STM32U5F9VJT6Q, STM32U5F9ZIJ6QTR, STM32U5F9ZIT6Q, STM32U5F9ZJJ6QTR, STM32U5F9ZJT6Q, STM32U5G7VJT6, STM32U5G7VJT6Q, STM32U5G9BJY6QTR, STM32U5G9J-DK1, STM32U5G9J-DK2, STM32U5G9NJH6Q, STM32U5G9VJT6Q, STM32U5G9ZJJ6QTR, STM32U5G9ZJT6Q, STM32WB1MMCH6, STM32WBA52CEU6, STM32WBA52CEU6T, STM32WBA52CGU6, STM32WBA52CGU6T, STM32WBA52KEU6, STM32WBA52KEU6T, STM32WBA52KGU6, STM32WBA52KGU6T, STM32WL5MOCH6, STM32WL5MOCH6TR]
2023-12-15 10:58:53,919 [INFO] DbMcus:217 - Found 3882 MCUs, 3882 are supported
2023-12-15 10:58:53,920 [INFO] ApiDb:423 - Load user favorites file C:\Users\phung/.stm32cubeide/favorites.mcus.txt: 0 item(s)
2023-12-15 10:58:53,921 [INFO] ApiDb:427 - User favorites MCUs=[]
2023-12-15 10:58:53,921 [INFO] DbMcus:223 - Set 0 / 0 favorites MCUs
2023-12-15 10:58:54,248 [WARN] ThirdParty:833 - waiting for thirdparty lock release [change project]
2023-12-15 10:58:54,248 [INFO] ThirdParty:835 - entering critical section [change project]
2023-12-15 10:58:54,248 [INFO] ThirdParty:1030 - CMSIS Pack Vendor :STMicroelectronics X-CUBE-ISPU 1.1.0
2023-12-15 10:58:54,248 [INFO] ThirdParty:1030 - CMSIS Pack Vendor :STMicroelectronics USBPD 4.1
2023-12-15 10:58:54,248 [INFO] ThirdParty:1030 - CMSIS Pack Vendor :STMicroelectronics X-CUBE-GNSS1 6.0.0
2023-12-15 10:58:54,248 [INFO] ThirdParty:1030 - CMSIS Pack Vendor :STMicroelectronics USB_HOST 2.0.0
2023-12-15 10:58:54,248 [INFO] ThirdParty:1030 - CMSIS Pack Vendor :STMicroelectronics X-CUBE-AZRTOS-F4 1.1.0
2023-12-15 10:58:54,248 [INFO] ThirdParty:1030 - CMSIS Pack Vendor :STMicroelectronics LIBJPEG 8.0.0
2023-12-15 10:58:54,248 [INFO] ThirdParty:1030 - CMSIS Pack Vendor :wolfSSL I-CUBE-wolfSSL 5.6.3
2023-12-15 10:58:54,248 [INFO] ThirdParty:1030 - CMSIS Pack Vendor :STMicroelectronics X-CUBE-SMBUS 2.1.0
2023-12-15 10:58:54,248 [INFO] ThirdParty:1030 - CMSIS Pack Vendor :STMicroelectronics USB_DEVICE 3.0.0
2023-12-15 10:58:54,248 [INFO] ThirdParty:1030 - CMSIS Pack Vendor :STMicroelectronics X-CUBE-AZRTOS-WB 2.0.0
2023-12-15 10:58:54,248 [INFO] ThirdParty:1030 - CMSIS Pack Vendor :STMicroelectronics X-CUBE-TOUCHGFX 4.23.0
2023-12-15 10:58:54,248 [INFO] ThirdParty:1030 - CMSIS Pack Vendor :STMicroelectronics X-CUBE-AZRTOS-F7 1.1.0
2023-12-15 10:58:54,248 [INFO] ThirdParty:1030 - CMSIS Pack Vendor :STMicroelectronics X-CUBE-AZRTOS-L5 2.0.0
2023-12-15 10:58:54,248 [INFO] ThirdParty:1030 - CMSIS Pack Vendor :STMicroelectronics USB_DEVICE 2.0.0
2023-12-15 10:58:54,249 [INFO] ThirdParty:1030 - CMSIS Pack Vendor :STMicroelectronics X-CUBE-MEMS1 9.6.0
2023-12-15 10:58:54,249 [INFO] ThirdParty:1030 - CMSIS Pack Vendor :STMicroelectronics X-CUBE-EEPRMA1 4.2.0
2023-12-15 10:58:54,249 [INFO] ThirdParty:1030 - CMSIS Pack Vendor :ITTIA_DB I-CUBE-ITTIADB 8.8.0
2023-12-15 10:58:54,249 [INFO] ThirdParty:1030 - CMSIS Pack Vendor :STMicroelectronics FP-SNS-MOTENV1 4.3.2
2023-12-15 10:58:54,249 [INFO] ThirdParty:1030 - CMSIS Pack Vendor :STMicroelectronics X-CUBE-ALGOBUILD 1.3.0
2023-12-15 10:58:54,249 [INFO] ThirdParty:1030 - CMSIS Pack Vendor :STMicroelectronics FreeRTOS 0.0.1
2023-12-15 10:58:54,249 [INFO] ThirdParty:1030 - CMSIS Pack Vendor :STMicroelectronics X-CUBE-AZRTOS-G0 1.1.0
2023-12-15 10:58:54,249 [INFO] ThirdParty:1030 - CMSIS Pack Vendor :STMicroelectronics X-CUBE-BLEMGR 2.0.0
2023-12-15 10:58:54,249 [INFO] ThirdParty:1030 - CMSIS Pack Vendor :STMicroelectronics X-CUBE-NFC4 3.0.0
2023-12-15 10:58:54,249 [INFO] ThirdParty:1030 - CMSIS Pack Vendor :STMicroelectronics X-CUBE-SUBG2 5.0.0
2023-12-15 10:58:54,249 [INFO] ThirdParty:1030 - CMSIS Pack Vendor :STMicroelectronics STM32_WPAN 1.0.0
2023-12-15 10:58:54,249 [INFO] ThirdParty:1030 - CMSIS Pack Vendor :STMicroelectronics lwIP 2.0.3
2023-12-15 10:58:54,249 [INFO] ThirdParty:1030 - CMSIS Pack Vendor :STMicroelectronics FP-SNS-FLIGHT1 5.0.2
2023-12-15 10:58:54,249 [INFO] ThirdParty:1030 - CMSIS Pack Vendor :STMicroelectronics USB_HOST 1.0.0
2023-12-15 10:58:54,249 [INFO] ThirdParty:1030 - CMSIS Pack Vendor :STMicroelectronics X-CUBE-TOF1 3.3.1
2023-12-15 10:58:54,249 [INFO] ThirdParty:1030 - CMSIS Pack Vendor :STMicroelectronics X-CUBE-AZRTOS-G4 2.0.0
2023-12-15 10:58:54,249 [INFO] ThirdParty:1030 - CMSIS Pack Vendor :STMicroelectronics PDM2PCM 3.1.0
2023-12-15 10:58:54,249 [INFO] ThirdParty:1030 - CMSIS Pack Vendor :STMicroelectronics X-CUBE-AZRTOS-H7 3.1.0
2023-12-15 10:58:54,249 [INFO] ThirdParty:1030 - CMSIS Pack Vendor :Infineon AIROC-Wi-Fi-Bluetooth-STM32 1.5.1
2023-12-15 10:58:54,249 [INFO] ThirdParty:1030 - CMSIS Pack Vendor :STMicroelectronics X-CUBE-BLEMGR 3.0.0
2023-12-15 10:58:54,249 [INFO] ThirdParty:1030 - CMSIS Pack Vendor :STMicroelectronics PDM2PCM 3.3.0
2023-12-15 10:58:54,249 [INFO] ThirdParty:1030 - CMSIS Pack Vendor :STMicroelectronics X-CUBE-DISPLAY 3.0.0
2023-12-15 10:58:54,249 [INFO] ThirdParty:1030 - CMSIS Pack Vendor :STMicroelectronics FP-SNS-MOTENVWB1 1.3.0
2023-12-15 10:58:54,249 [INFO] ThirdParty:1030 - CMSIS Pack Vendor :STMicroelectronics FP-SNS-MOTENVWB1 1.3.1
2023-12-15 10:58:54,249 [INFO] ThirdParty:1030 - CMSIS Pack Vendor :STMicroelectronics X-CUBE-BLE1 7.0.0
2023-12-15 10:58:54,249 [INFO] ThirdParty:1030 - CMSIS Pack Vendor :STMicroelectronics FP-ATR-SIGFOX1 3.2.0
2023-12-15 10:58:54,249 [INFO] ThirdParty:1030 - CMSIS Pack Vendor :STMicroelectronics X-CUBE-ISPU 2.0.0
2023-12-15 10:58:54,249 [INFO] ThirdParty:1030 - CMSIS Pack Vendor :STMicroelectronics HAL Drivers 0.0.0
2023-12-15 10:58:54,249 [INFO] ThirdParty:1030 - CMSIS Pack Vendor :STMicroelectronics MBEDTLS 2.16.2
2023-12-15 10:58:54,249 [INFO] ThirdParty:1030 - CMSIS Pack Vendor :emotas I-CUBE-CANOPEN 1.3.0
2023-12-15 10:58:54,250 [INFO] ThirdParty:1030 - CMSIS Pack Vendor :STMicroelectronics X-CUBE-MEMS1 10.0.0
2023-12-15 10:58:54,250 [INFO] ThirdParty:1030 - CMSIS Pack Vendor :STMicroelectronics X-CUBE-FREERTOS 1.1.0
2023-12-15 10:58:54,250 [INFO] ThirdParty:1030 - CMSIS Pack Vendor :STMicroelectronics X-CUBE-NFC7 1.0.1
2023-12-15 10:58:54,250 [INFO] ThirdParty:1030 - CMSIS Pack Vendor :STMicroelectronics MBEDTLS 2.14.1
2023-12-15 10:58:54,250 [INFO] ThirdParty:1030 - CMSIS Pack Vendor :STMicroelectronics X-CUBE-TOUCHGFX 4.22.1
2023-12-15 10:58:54,250 [INFO] ThirdParty:1030 - CMSIS Pack Vendor :STMicroelectronics X-CUBE-NFC6 3.0.0
2023-12-15 10:58:54,250 [INFO] ThirdParty:1030 - CMSIS Pack Vendor :STMicroelectronics X-CUBE-EEPRMA1 4.1.0
2023-12-15 10:58:54,250 [INFO] ThirdParty:1030 - CMSIS Pack Vendor :portGmbH I-Cube-SoM-uGOAL 1.1.0
2023-12-15 10:58:54,250 [INFO] ThirdParty:1030 - CMSIS Pack Vendor :STMicroelectronics X-CUBE-ALS 1.0.1
2023-12-15 10:58:54,250 [INFO] ThirdParty:1030 - CMSIS Pack Vendor :STMicroelectronics ThreadX 1.0.0
2023-12-15 10:58:54,250 [INFO] ThirdParty:1030 - CMSIS Pack Vendor :STMicroelectronics FP-SNS-SMARTAG2 1.2.0
2023-12-15 10:58:54,250 [INFO] ThirdParty:1030 - CMSIS Pack Vendor :STMicroelectronics X-CUBE-AZRTOS-WL 2.0.0
2023-12-15 10:58:54,250 [INFO] ThirdParty:1030 - CMSIS Pack Vendor :SEGGER I-CUBE-embOS 1.3.1
2023-12-15 10:58:54,250 [INFO] ThirdParty:1030 - CMSIS Pack Vendor :STMicroelectronics USB_DEVICE 1.0.0
2023-12-15 10:58:54,250 [INFO] ThirdParty:1030 - CMSIS Pack Vendor :STMicroelectronics X-CUBE-AI 8.1.0
2023-12-15 10:58:54,250 [INFO] ThirdParty:1030 - CMSIS Pack Vendor :STMicroelectronics X-CUBE-AZRTOS-L4 2.0.0
2023-12-15 10:58:54,250 [INFO] ThirdParty:1030 - CMSIS Pack Vendor :STMicroelectronics ThreadX 0.0.2
2023-12-15 10:58:54,250 [INFO] ThirdParty:1030 - CMSIS Pack Vendor :WES I-CUBE-Cesium 1.3.0
2023-12-15 10:58:54,250 [INFO] ThirdParty:1030 - CMSIS Pack Vendor :STMicroelectronics FP-ATR-ASTRA1 2.0.0
2023-12-15 10:58:54,250 [INFO] ThirdParty:1030 - CMSIS Pack Vendor :STMicroelectronics lwIP 2.1.2
2023-12-15 10:58:54,250 [INFO] ThirdParty:1030 - CMSIS Pack Vendor :STMicroelectronics X-CUBE-SFXS2LP1 4.0.0
2023-12-15 10:58:54,250 [INFO] ThirdParty:1030 - CMSIS Pack Vendor :STMicroelectronics X-CUBE-BLE2 3.3.0
2023-12-15 10:58:54,250 [INFO] ThirdParty:1030 - CMSIS Pack Vendor :STMicroelectronics X-CUBE-TOF1 3.4.0
2023-12-15 10:58:54,250 [INFO] ThirdParty:1030 - CMSIS Pack Vendor :STMicroelectronics X-CUBE-AZRTOS-H7 3.2.0
2023-12-15 10:58:54,250 [INFO] ThirdParty:1030 - CMSIS Pack Vendor :STMicroelectronics PDM2PCM 3.2.0
2023-12-15 10:58:54,250 [INFO] ThirdParty:841 - exiting critical section [change project]
2023-12-15 10:58:54,900 [INFO] PinOutPanel:1499 - setPackage(No Configuration,No Configuration)
2023-12-15 10:58:54,901 [INFO] PinOutPanel:1499 - setPackage(STM32F429ZITx,LQFP144)
2023-12-15 10:58:55,629 [INFO] UtilMem:75 - Before build in PCC Used Memory: 601061664 Bytes (1073741824)
2023-12-15 10:58:56,884 [INFO] UtilMem:75 - After build in PCC Used Memory: 680381088 Bytes (1073741824)
2023-12-15 10:58:57,056 [INFO] ApiDbMcu:507 - Load IP Config File for FREERTOS
2023-12-15 10:58:57,079 [INFO] ApiDbMcu:507 - Load IP Config File for USB_DEVICE
2023-12-15 10:58:57,124 [INFO] IPUIPlugin:80 - create IPUIPlugin
2023-12-15 10:58:57,124 [INFO] IPUIPlugin:80 - create IPUIPlugin
2023-12-15 10:58:57,124 [INFO] IPUIPlugin:80 - create IPUIPlugin
2023-12-15 10:58:57,124 [INFO] IPUIPlugin:80 - create IPUIPlugin
2023-12-15 10:58:57,124 [INFO] IPUIPlugin:80 - create IPUIPlugin
2023-12-15 10:58:57,124 [INFO] IPUIPlugin:80 - create IPUIPlugin
2023-12-15 10:58:57,125 [INFO] IPUIPlugin:80 - create IPUIPlugin
2023-12-15 10:58:57,125 [INFO] IPUIPlugin:80 - create IPUIPlugin
2023-12-15 10:58:57,125 [INFO] IPUIPlugin:80 - create IPUIPlugin
2023-12-15 10:58:57,126 [INFO] IPUIPlugin:80 - create IPUIPlugin
2023-12-15 10:58:57,126 [INFO] IPUIPlugin:80 - create IPUIPlugin
2023-12-15 10:58:57,126 [INFO] IPUIPlugin:80 - create IPUIPlugin
2023-12-15 10:58:57,126 [INFO] IPUIPlugin:80 - create IPUIPlugin
2023-12-15 10:58:57,126 [INFO] IPUIPlugin:80 - create IPUIPlugin
2023-12-15 10:58:57,127 [INFO] IPUIPlugin:80 - create IPUIPlugin
2023-12-15 10:58:57,127 [INFO] IPUIPlugin:80 - create IPUIPlugin
2023-12-15 10:58:57,127 [INFO] IPUIPlugin:80 - create IPUIPlugin
2023-12-15 10:58:57,128 [INFO] IPUIPlugin:80 - create IPUIPlugin
2023-12-15 10:58:57,128 [INFO] IPUIPlugin:80 - create IPUIPlugin
2023-12-15 10:58:57,128 [INFO] IPUIPlugin:80 - create IPUIPlugin
2023-12-15 10:58:57,128 [INFO] IPUIPlugin:80 - create IPUIPlugin
2023-12-15 10:58:57,129 [INFO] IPUIPlugin:80 - create IPUIPlugin
2023-12-15 10:58:57,129 [INFO] IPUIPlugin:80 - create IPUIPlugin
2023-12-15 10:58:57,129 [INFO] IPUIPlugin:80 - create IPUIPlugin
2023-12-15 10:58:57,129 [INFO] IPUIPlugin:80 - create IPUIPlugin
2023-12-15 10:58:57,130 [INFO] IPUIPlugin:80 - create IPUIPlugin
2023-12-15 10:58:57,130 [INFO] IPUIPlugin:80 - create IPUIPlugin
2023-12-15 10:58:57,130 [INFO] IPUIPlugin:80 - create IPUIPlugin
2023-12-15 10:58:57,131 [INFO] IPUIPlugin:80 - create IPUIPlugin
2023-12-15 10:58:57,131 [INFO] IPUIPlugin:80 - create IPUIPlugin
2023-12-15 10:58:57,131 [INFO] IPUIPlugin:80 - create IPUIPlugin
2023-12-15 10:58:57,132 [INFO] IPUIPlugin:80 - create IPUIPlugin
2023-12-15 10:58:57,132 [INFO] IPUIPlugin:80 - create IPUIPlugin
2023-12-15 10:58:57,132 [INFO] IPUIPlugin:80 - create IPUIPlugin
2023-12-15 10:58:57,132 [INFO] IPUIPlugin:80 - create IPUIPlugin
2023-12-15 10:58:57,133 [INFO] IPUIPlugin:80 - create IPUIPlugin
2023-12-15 10:58:57,133 [INFO] IPUIPlugin:80 - create IPUIPlugin
2023-12-15 10:58:57,133 [INFO] IPUIPlugin:80 - create IPUIPlugin
2023-12-15 10:58:57,134 [INFO] IPUIPlugin:80 - create IPUIPlugin
2023-12-15 10:58:57,134 [INFO] IPUIPlugin:80 - create IPUIPlugin
2023-12-15 10:58:57,134 [INFO] IPUIPlugin:80 - create IPUIPlugin
2023-12-15 10:58:57,135 [INFO] IPUIPlugin:80 - create IPUIPlugin
2023-12-15 10:58:57,135 [INFO] IPUIPlugin:80 - create IPUIPlugin
2023-12-15 10:58:57,135 [INFO] IPUIPlugin:80 - create IPUIPlugin
2023-12-15 10:58:57,135 [INFO] IPUIPlugin:80 - create IPUIPlugin
2023-12-15 10:58:57,136 [INFO] IPUIPlugin:80 - create IPUIPlugin
2023-12-15 10:58:57,136 [INFO] IPUIPlugin:80 - create IPUIPlugin
2023-12-15 10:58:57,136 [INFO] IPUIPlugin:80 - create IPUIPlugin
2023-12-15 10:58:57,136 [INFO] IPUIPlugin:80 - create IPUIPlugin
2023-12-15 10:58:57,137 [INFO] IPUIPlugin:80 - create IPUIPlugin
2023-12-15 10:58:57,137 [INFO] IPUIPlugin:80 - create IPUIPlugin
2023-12-15 10:58:57,137 [INFO] IPUIPlugin:80 - create IPUIPlugin
2023-12-15 10:58:57,137 [INFO] IPUIPlugin:80 - create IPUIPlugin
2023-12-15 10:58:57,138 [INFO] IPUIPlugin:80 - create IPUIPlugin
2023-12-15 10:58:57,138 [INFO] IPUIPlugin:80 - create IPUIPlugin
2023-12-15 10:58:57,138 [INFO] IPUIPlugin:80 - create IPUIPlugin
2023-12-15 10:58:57,139 [INFO] IPUIPlugin:80 - create IPUIPlugin
2023-12-15 10:58:57,139 [INFO] IPUIPlugin:80 - create IPUIPlugin
2023-12-15 10:58:57,139 [INFO] IPUIPlugin:80 - create IPUIPlugin
2023-12-15 10:58:57,139 [INFO] IPUIPlugin:80 - create IPUIPlugin
2023-12-15 10:58:57,140 [INFO] IPUIPlugin:80 - create IPUIPlugin
2023-12-15 10:58:57,140 [INFO] IPUIPlugin:80 - create IPUIPlugin
2023-12-15 10:58:57,141 [INFO] IPUIPlugin:80 - create IPUIPlugin
2023-12-15 10:58:57,141 [INFO] IPUIPlugin:80 - create IPUIPlugin
2023-12-15 10:58:57,142 [INFO] IPUIPlugin:80 - create IPUIPlugin
2023-12-15 10:58:57,142 [INFO] IPUIPlugin:80 - create IPUIPlugin
2023-12-15 10:58:57,166 [INFO] ApiDbMcu:507 - Load IP Config File for PDM2PCM
2023-12-15 10:58:57,220 [WARN] FreeRTOS:1023 - Null or empty value: should not occur! (nothing added to the table)
2023-12-15 10:58:57,526 [INFO] CADModel:165 - CPN selected for project levelSTM32F429ZIT6
2023-12-15 10:58:57,526 [INFO] CADModel:114 - Register for checkConnection events
2023-12-15 10:58:57,529 [INFO] RtosManager:697 - Active RTOS found at IOC load: FREERTOS [Cortex-M4NS]
2023-12-15 10:58:57,584 [INFO] OpenFileManager:328 - Restore cursor
2023-12-15 10:58:57,738 [WARN] IP:2114 - DEVICE_SERIAL0_CDC_HS not found: check if there is a RefParameter without a condition.
2023-12-15 10:58:57,738 [WARN] IP:2114 - DEVICE_SERIAL1_CDC_HS not found: check if there is a RefParameter without a condition.
2023-12-15 10:58:57,738 [WARN] IP:2114 - DEVICE_SERIAL2_CDC_HS not found: check if there is a RefParameter without a condition.
2023-12-15 10:58:57,739 [WARN] IP:2114 - DEVICE_SERIAL0_CDC_HS not found: check if there is a RefParameter without a condition.
2023-12-15 10:58:57,739 [WARN] IP:2114 - DEVICE_SERIAL1_CDC_HS not found: check if there is a RefParameter without a condition.
2023-12-15 10:58:57,739 [WARN] IP:2114 - DEVICE_SERIAL2_CDC_HS not found: check if there is a RefParameter without a condition.
2023-12-15 10:59:08,795 [ERROR] RtosPanel:558 - Can not restore the selected Tab for FREERTOS(A reason can be that the tab is no more available.)
2023-12-15 10:59:12,141 [INFO] TasksAndQueuesTab:757 - Dynamic
2023-12-15 10:59:12,142 [WARN] TasksAndQueuesTab:763 - 256 128
2023-12-15 10:59:12,145 [WARN] TasksAndQueuesTab:775 - max value is: 3840.0
2023-12-15 10:59:12,145 [INFO] TasksAndQueuesTab:757 - Dynamic
2023-12-15 10:59:12,145 [WARN] TasksAndQueuesTab:763 - 128 128
2023-12-15 10:59:12,145 [WARN] TasksAndQueuesTab:775 - max value is: 3840.0
2023-12-15 10:59:12,145 [INFO] TasksAndQueuesTab:757 - Dynamic
2023-12-15 10:59:12,149 [WARN] TasksAndQueuesTab:763 - 128 128
2023-12-15 10:59:12,153 [WARN] TasksAndQueuesTab:775 - max value is: 3840.0
2023-12-15 10:59:29,777 [INFO] EditThreadDialog:704 - RAM SIZE (in KB): 192
2023-12-15 10:59:29,778 [INFO] EditThreadDialog:706 - RAM SIZE (in words): 49152
2023-12-15 10:59:58,459 [INFO] TasksAndQueuesTab:757 - Dynamic
2023-12-15 10:59:58,460 [WARN] TasksAndQueuesTab:763 - 256 128
2023-12-15 10:59:58,460 [WARN] TasksAndQueuesTab:775 - max value is: 3840.0
2023-12-15 10:59:58,460 [INFO] TasksAndQueuesTab:757 - Dynamic
2023-12-15 10:59:58,460 [WARN] TasksAndQueuesTab:763 - 128 128
2023-12-15 10:59:58,460 [WARN] TasksAndQueuesTab:775 - max value is: 3840.0
2023-12-15 10:59:58,460 [INFO] TasksAndQueuesTab:757 - Dynamic
2023-12-15 10:59:58,460 [WARN] TasksAndQueuesTab:763 - 128 128
2023-12-15 10:59:58,460 [WARN] TasksAndQueuesTab:775 - max value is: 3840.0
2023-12-15 10:59:58,460 [INFO] TasksAndQueuesTab:757 - Dynamic
2023-12-15 10:59:58,460 [WARN] TasksAndQueuesTab:763 - 128 128
2023-12-15 10:59:58,460 [WARN] TasksAndQueuesTab:775 - max value is: 3840.0
2023-12-15 11:00:11,006 [INFO] UtilMem:75 - End SaveConfig() Used Memory: 683506464 Bytes (1073741824)
2023-12-15 11:00:12,414 [INFO] UtilMem:75 - End SaveConfig() Used Memory: 714437408 Bytes (1073741824)
2023-12-15 11:00:14,128 [INFO] UtilMem:75 - End SaveConfig() Used Memory: 768441120 Bytes (1073741824)
2023-12-15 11:00:17,347 [INFO] BlockDiagram:2759 - set Specific Code input for plugin: USB_OTG_HS
2023-12-15 11:00:17,347 [INFO] BlockDiagram:2759 - set Specific Code input for plugin: FREERTOS
2023-12-15 11:00:17,347 [INFO] BlockDiagram:2759 - set Specific Code input for plugin: USB_DEVICE
2023-12-15 11:00:17,347 [INFO] BlockDiagram:2759 - set Specific Code input for plugin: SYS
2023-12-15 11:00:17,347 [INFO] BlockDiagram:2759 - set Specific Code input for plugin: RCC
2023-12-15 11:00:17,347 [INFO] BlockDiagram:2759 - set Specific Code input for plugin: NVIC
2023-12-15 11:00:17,349 [INFO] BlockDiagram:2759 - set Specific Code input for plugin: GPIO
2023-12-15 11:00:17,349 [INFO] CodeGenerator:799 - code generatio: config db path: D:\Softwares\STM32CubeIDE_1.13.2\STM32CubeIDE\plugins\com.st.stm32cube.common.mx_6.9.2.202309101412\\db\
2023-12-15 11:00:17,403 [WARN] IP:2114 - DEVICE_SERIAL0_CDC_HS not found: check if there is a RefParameter without a condition.
2023-12-15 11:00:17,403 [WARN] IP:2114 - DEVICE_SERIAL1_CDC_HS not found: check if there is a RefParameter without a condition.
2023-12-15 11:00:17,403 [WARN] IP:2114 - DEVICE_SERIAL2_CDC_HS not found: check if there is a RefParameter without a condition.
2023-12-15 11:00:17,736 [INFO] CodeEngine:255 - oldGeneratedFile, D:\Learning\TKHTN\Labs\MiniProject\PingPongGame\MXTmpFiles\license.tmp_save
2023-12-15 11:00:18,344 [INFO] CodeEngine:279 - Generated code: D:\Learning\TKHTN\Labs\MiniProject\PingPongGame\MXTmpFiles\license.tmp
2023-12-15 11:00:18,475 [INFO] CodeEngine:255 - oldGeneratedFile, D:\Learning\TKHTN\Labs\MiniProject\PingPongGame\MXTmpFiles\gpio.tmp_save
2023-12-15 11:00:18,729 [INFO] CodeEngine:279 - Generated code: D:\Learning\TKHTN\Labs\MiniProject\PingPongGame\MXTmpFiles\gpio.tmp
2023-12-15 11:00:18,849 [WARN] IPConfigManager:2937 - Warning: the RefConfig PWREx_EnableUSBVoltageDetector is not available in your config.xml file
2023-12-15 11:00:18,868 [INFO] CodeEngine:255 - oldGeneratedFile, D:\Learning\TKHTN\Labs\MiniProject\PingPongGame\MXTmpFiles\usb_otg_hs_vars.tmp_save
2023-12-15 11:00:19,018 [INFO] CodeEngine:279 - Generated code: D:\Learning\TKHTN\Labs\MiniProject\PingPongGame\MXTmpFiles\usb_otg_hs_vars.tmp
2023-12-15 11:00:19,029 [INFO] CodeEngine:255 - oldGeneratedFile, D:\Learning\TKHTN\Labs\MiniProject\PingPongGame\MXTmpFiles\usb_otg_hs_inc.tmp_save
2023-12-15 11:00:19,134 [INFO] CodeEngine:279 - Generated code: D:\Learning\TKHTN\Labs\MiniProject\PingPongGame\MXTmpFiles\usb_otg_hs_inc.tmp
2023-12-15 11:00:19,208 [INFO] CodeEngine:255 - oldGeneratedFile, D:\Learning\TKHTN\Labs\MiniProject\PingPongGame\MXTmpFiles\usb_otg_hs_HalInit.tmp_save
2023-12-15 11:00:19,372 [INFO] CodeEngine:279 - Generated code: D:\Learning\TKHTN\Labs\MiniProject\PingPongGame\MXTmpFiles\usb_otg_hs_HalInit.tmp
2023-12-15 11:00:19,384 [INFO] CodeEngine:255 - oldGeneratedFile, D:\Learning\TKHTN\Labs\MiniProject\PingPongGame\MXTmpFiles\usb_otg_hs_Msp.tmp_save
2023-12-15 11:00:19,511 [INFO] CodeEngine:279 - Generated code: D:\Learning\TKHTN\Labs\MiniProject\PingPongGame\MXTmpFiles\usb_otg_hs_Msp.tmp
2023-12-15 11:00:19,672 [INFO] Middleware:1439 - No code input for Bsp Dependency
2023-12-15 11:00:19,686 [INFO] CodeEngine:255 - oldGeneratedFile, D:\Learning\TKHTN\Labs\MiniProject\PingPongGame\MXTmpFiles\rtos_inc.tmp_save
2023-12-15 11:00:19,845 [INFO] CodeEngine:279 - Generated code: D:\Learning\TKHTN\Labs\MiniProject\PingPongGame\MXTmpFiles\rtos_inc.tmp
2023-12-15 11:00:19,917 [INFO] CodeEngine:255 - oldGeneratedFile, D:\Learning\TKHTN\Labs\MiniProject\PingPongGame\MXTmpFiles\rtos_vars.tmp_save
2023-12-15 11:00:20,002 [INFO] CodeEngine:279 - Generated code: D:\Learning\TKHTN\Labs\MiniProject\PingPongGame\MXTmpFiles\rtos_vars.tmp
2023-12-15 11:00:20,011 [INFO] CodeEngine:255 - oldGeneratedFile, D:\Learning\TKHTN\Labs\MiniProject\PingPongGame\MXTmpFiles\rtos_pfp.tmp_save
2023-12-15 11:00:20,093 [INFO] CodeEngine:279 - Generated code: D:\Learning\TKHTN\Labs\MiniProject\PingPongGame\MXTmpFiles\rtos_pfp.tmp
2023-12-15 11:00:20,103 [INFO] CodeEngine:255 - oldGeneratedFile, D:\Learning\TKHTN\Labs\MiniProject\PingPongGame\MXTmpFiles\rtos_obj_creat.tmp_save
2023-12-15 11:00:20,181 [INFO] CodeEngine:279 - Generated code: D:\Learning\TKHTN\Labs\MiniProject\PingPongGame\MXTmpFiles\rtos_obj_creat.tmp
2023-12-15 11:00:20,188 [INFO] CodeEngine:255 - oldGeneratedFile, D:\Learning\TKHTN\Labs\MiniProject\PingPongGame\MXTmpFiles\rtos_kernelStart.tmp_save
2023-12-15 11:00:20,237 [INFO] CodeEngine:279 - Generated code: D:\Learning\TKHTN\Labs\MiniProject\PingPongGame\MXTmpFiles\rtos_kernelStart.tmp
2023-12-15 11:00:20,243 [INFO] CodeEngine:255 - oldGeneratedFile, D:\Learning\TKHTN\Labs\MiniProject\PingPongGame\MXTmpFiles\rtos_default_thread.tmp_save
2023-12-15 11:00:20,301 [INFO] CodeEngine:279 - Generated code: D:\Learning\TKHTN\Labs\MiniProject\PingPongGame\MXTmpFiles\rtos_default_thread.tmp
2023-12-15 11:00:20,308 [INFO] CodeEngine:255 - oldGeneratedFile, D:\Learning\TKHTN\Labs\MiniProject\PingPongGame\MXTmpFiles\rtos_threads.tmp_save
2023-12-15 11:00:20,372 [INFO] CodeEngine:279 - Generated code: D:\Learning\TKHTN\Labs\MiniProject\PingPongGame\MXTmpFiles\rtos_threads.tmp
2023-12-15 11:00:20,397 [INFO] Middleware:1439 - No code input for Bsp Dependency
2023-12-15 11:00:20,441 [INFO] Middleware:1439 - No code input for Bsp Dependency
2023-12-15 11:00:20,510 [INFO] CodeEngine:255 - oldGeneratedFile, D:\Learning\TKHTN\Labs\MiniProject\PingPongGame\MXTmpFiles\rtos_inc.tmp_save
2023-12-15 11:00:20,591 [INFO] CodeEngine:279 - Generated code: D:\Learning\TKHTN\Labs\MiniProject\PingPongGame\MXTmpFiles\rtos_inc.tmp
2023-12-15 11:00:20,593 [INFO] CodeEngine:255 - oldGeneratedFile, D:\Learning\TKHTN\Labs\MiniProject\PingPongGame\MXTmpFiles\rtos_vars.tmp_save
2023-12-15 11:00:20,638 [INFO] CodeEngine:279 - Generated code: D:\Learning\TKHTN\Labs\MiniProject\PingPongGame\MXTmpFiles\rtos_vars.tmp
2023-12-15 11:00:20,659 [INFO] CodeEngine:255 - oldGeneratedFile, D:\Learning\TKHTN\Labs\MiniProject\PingPongGame\MXTmpFiles\rtos_pfp.tmp_save
2023-12-15 11:00:20,699 [INFO] CodeEngine:279 - Generated code: D:\Learning\TKHTN\Labs\MiniProject\PingPongGame\MXTmpFiles\rtos_pfp.tmp
2023-12-15 11:00:20,714 [INFO] CodeEngine:255 - oldGeneratedFile, D:\Learning\TKHTN\Labs\MiniProject\PingPongGame\MXTmpFiles\rtos_obj_creat.tmp_save
2023-12-15 11:00:20,756 [INFO] CodeEngine:279 - Generated code: D:\Learning\TKHTN\Labs\MiniProject\PingPongGame\MXTmpFiles\rtos_obj_creat.tmp
2023-12-15 11:00:20,760 [INFO] CodeEngine:255 - oldGeneratedFile, D:\Learning\TKHTN\Labs\MiniProject\PingPongGame\MXTmpFiles\rtos_kernelStart.tmp_save
2023-12-15 11:00:20,792 [INFO] CodeEngine:279 - Generated code: D:\Learning\TKHTN\Labs\MiniProject\PingPongGame\MXTmpFiles\rtos_kernelStart.tmp
2023-12-15 11:00:20,795 [INFO] CodeEngine:255 - oldGeneratedFile, D:\Learning\TKHTN\Labs\MiniProject\PingPongGame\MXTmpFiles\rtos_default_thread.tmp_save
2023-12-15 11:00:20,861 [INFO] CodeEngine:279 - Generated code: D:\Learning\TKHTN\Labs\MiniProject\PingPongGame\MXTmpFiles\rtos_default_thread.tmp
2023-12-15 11:00:20,863 [INFO] CodeEngine:255 - oldGeneratedFile, D:\Learning\TKHTN\Labs\MiniProject\PingPongGame\MXTmpFiles\rtos_threads.tmp_save
2023-12-15 11:00:20,914 [INFO] CodeEngine:279 - Generated code: D:\Learning\TKHTN\Labs\MiniProject\PingPongGame\MXTmpFiles\rtos_threads.tmp
2023-12-15 11:00:21,008 [INFO] CodeEngine:255 - oldGeneratedFile, D:\Learning\TKHTN\Labs\MiniProject\PingPongGame\Core\Inc\FreeRTOSConfig.h_save
2023-12-15 11:00:21,095 [INFO] CodeEngine:279 - Generated code: D:\Learning\TKHTN\Labs\MiniProject\PingPongGame\Core\Inc\FreeRTOSConfig.h
2023-12-15 11:00:21,185 [INFO] CodeEngine:255 - oldGeneratedFile, D:\Learning\TKHTN\Labs\MiniProject\PingPongGame\Core\Src\freertos.c_save
2023-12-15 11:00:21,259 [INFO] CodeEngine:279 - Generated code: D:\Learning\TKHTN\Labs\MiniProject\PingPongGame\Core\Src\freertos.c
2023-12-15 11:00:21,266 [INFO] Middleware:1439 - No code input for Bsp Dependency
2023-12-15 11:00:21,292 [INFO] CodeEngine:255 - oldGeneratedFile, D:\Learning\TKHTN\Labs\MiniProject\PingPongGame\USB_DEVICE\App\usb_device.c_save
2023-12-15 11:00:21,378 [INFO] CodeEngine:279 - Generated code: D:\Learning\TKHTN\Labs\MiniProject\PingPongGame\USB_DEVICE\App\usb_device.c
2023-12-15 11:00:21,449 [INFO] CodeEngine:255 - oldGeneratedFile, D:\Learning\TKHTN\Labs\MiniProject\PingPongGame\USB_DEVICE\App\usb_device.h_save
2023-12-15 11:00:21,526 [INFO] CodeEngine:279 - Generated code: D:\Learning\TKHTN\Labs\MiniProject\PingPongGame\USB_DEVICE\App\usb_device.h
2023-12-15 11:00:21,548 [INFO] CodeEngine:255 - oldGeneratedFile, D:\Learning\TKHTN\Labs\MiniProject\PingPongGame\USB_DEVICE\Target\usbd_conf.h_save
2023-12-15 11:00:21,630 [INFO] CodeEngine:279 - Generated code: D:\Learning\TKHTN\Labs\MiniProject\PingPongGame\USB_DEVICE\Target\usbd_conf.h
2023-12-15 11:00:21,649 [INFO] CodeEngine:255 - oldGeneratedFile, D:\Learning\TKHTN\Labs\MiniProject\PingPongGame\USB_DEVICE\Target\usbd_conf.c_save
2023-12-15 11:00:21,740 [INFO] CodeEngine:279 - Generated code: D:\Learning\TKHTN\Labs\MiniProject\PingPongGame\USB_DEVICE\Target\usbd_conf.c
2023-12-15 11:00:21,838 [INFO] CodeEngine:255 - oldGeneratedFile, D:\Learning\TKHTN\Labs\MiniProject\PingPongGame\USB_DEVICE\App\usbd_desc.h_save
2023-12-15 11:00:21,916 [INFO] CodeEngine:279 - Generated code: D:\Learning\TKHTN\Labs\MiniProject\PingPongGame\USB_DEVICE\App\usbd_desc.h
2023-12-15 11:00:21,931 [INFO] CodeEngine:255 - oldGeneratedFile, D:\Learning\TKHTN\Labs\MiniProject\PingPongGame\USB_DEVICE\App\usbd_desc.c_save
2023-12-15 11:00:22,011 [INFO] CodeEngine:279 - Generated code: D:\Learning\TKHTN\Labs\MiniProject\PingPongGame\USB_DEVICE\App\usbd_desc.c
2023-12-15 11:00:22,032 [INFO] CodeEngine:255 - oldGeneratedFile, D:\Learning\TKHTN\Labs\MiniProject\PingPongGame\USB_DEVICE\App\usbd_cdc_if.h_save
2023-12-15 11:00:22,085 [INFO] CodeEngine:279 - Generated code: D:\Learning\TKHTN\Labs\MiniProject\PingPongGame\USB_DEVICE\App\usbd_cdc_if.h
2023-12-15 11:00:22,106 [INFO] CodeEngine:255 - oldGeneratedFile, D:\Learning\TKHTN\Labs\MiniProject\PingPongGame\USB_DEVICE\App\usbd_cdc_if.c_save
2023-12-15 11:00:22,198 [INFO] CodeEngine:279 - Generated code: D:\Learning\TKHTN\Labs\MiniProject\PingPongGame\USB_DEVICE\App\usbd_cdc_if.c
2023-12-15 11:00:22,303 [INFO] CodeEngine:255 - oldGeneratedFile, D:\Learning\TKHTN\Labs\MiniProject\PingPongGame\Core\Src\stm32f4xx_it.c_save
2023-12-15 11:00:22,389 [INFO] CodeEngine:279 - Generated code: D:\Learning\TKHTN\Labs\MiniProject\PingPongGame\Core\Src\stm32f4xx_it.c
2023-12-15 11:00:22,449 [INFO] CodeEngine:255 - oldGeneratedFile, D:\Learning\TKHTN\Labs\MiniProject\PingPongGame\Core\Inc\stm32f4xx_it.h_save
2023-12-15 11:00:22,550 [INFO] CodeEngine:279 - Generated code: D:\Learning\TKHTN\Labs\MiniProject\PingPongGame\Core\Inc\stm32f4xx_it.h
2023-12-15 11:00:22,582 [INFO] CodeEngine:255 - oldGeneratedFile, D:\Learning\TKHTN\Labs\MiniProject\PingPongGame\Core\Src\stm32f4xx_hal_msp.c_save
2023-12-15 11:00:22,711 [INFO] CodeEngine:279 - Generated code: D:\Learning\TKHTN\Labs\MiniProject\PingPongGame\Core\Src\stm32f4xx_hal_msp.c
2023-12-15 11:00:22,779 [INFO] CodeEngine:255 - oldGeneratedFile, D:\Learning\TKHTN\Labs\MiniProject\PingPongGame\MXTmpFiles\system.tmp_save
2023-12-15 11:00:22,857 [INFO] CodeEngine:279 - Generated code: D:\Learning\TKHTN\Labs\MiniProject\PingPongGame\MXTmpFiles\system.tmp
2023-12-15 11:00:22,880 [INFO] CodeEngine:255 - oldGeneratedFile, D:\Learning\TKHTN\Labs\MiniProject\PingPongGame\Core\Src\stm32f4xx_hal_timebase_tim.c_save
2023-12-15 11:00:22,951 [INFO] CodeEngine:279 - Generated code: D:\Learning\TKHTN\Labs\MiniProject\PingPongGame\Core\Src\stm32f4xx_hal_timebase_tim.c
2023-12-15 11:00:22,988 [INFO] CodeEngine:311 - oldGeneratedFile, D:\Learning\TKHTN\Labs\MiniProject\PingPongGame\Core\Inc\stm32f4xx_hal_conf.h_save
2023-12-15 11:00:23,091 [INFO] CodeEngine:335 - Generated code: D:\Learning\TKHTN\Labs\MiniProject\PingPongGame\Core\Inc\stm32f4xx_hal_conf.h
2023-12-15 11:00:23,239 [INFO] CodeEngine:255 - oldGeneratedFile, D:\Learning\TKHTN\Labs\MiniProject\PingPongGame\Core\Inc\main.h_save
2023-12-15 11:00:23,348 [INFO] CodeEngine:279 - Generated code: D:\Learning\TKHTN\Labs\MiniProject\PingPongGame\Core\Inc\main.h
2023-12-15 11:00:23,399 [INFO] CodeEngine:255 - oldGeneratedFile, D:\Learning\TKHTN\Labs\MiniProject\PingPongGame\Core\Src\main.c_save
2023-12-15 11:00:23,650 [INFO] CodeEngine:279 - Generated code: D:\Learning\TKHTN\Labs\MiniProject\PingPongGame\Core\Src\main.c
2023-12-15 11:00:24,833 [INFO] ProjectBuilder:3064 - Time for Copy HAL[1] : 356mS.
2023-12-15 11:00:24,849 [INFO] ProjectBuilder:4404 - Project Generator version: 4.1.0
2023-12-15 11:00:25,255 [INFO] ConfigFileManager:1457 - The Die is : DIE419
2023-12-15 11:00:25,283 [INFO] ApiDbMcu:507 - Load IP Config File for FATFS
2023-12-15 11:00:25,299 [INFO] ApiDbMcu:507 - Load IP Config File for LIBJPEG
2023-12-15 11:00:25,320 [INFO] ApiDbMcu:507 - Load IP Config File for LWIP
2023-12-15 11:00:25,347 [INFO] ApiDbMcu:507 - Load IP Config File for MBEDTLS
2023-12-15 11:00:25,363 [INFO] ApiDbMcu:507 - Load IP Config File for USB_HOST
2023-12-15 11:00:27,104 [INFO] LogOutputStream:77 - [STDOUT_REDIRECT] 
2023-12-15 11:00:30,167 [INFO] ProjectBuilder:4626 - Time for Generating toolchain IDE Files: 5318mS.
2023-12-15 11:00:30,168 [INFO] ProjectBuilder:2935 - Time for Copy CMSIS : 0mS.
2023-12-15 11:00:30,177 [INFO] ProjectBuilder:2935 - Time for Copy CMSIS : 0mS.
