2023-12-17 10:40:16,087 [INFO] Activator:176 - 


2023-12-17 10:40:16,093 [INFO] Activator:177 - !SESSION log4j initialized
2023-12-17 10:40:23,365 [INFO] LogOutputStream:77 - [STDOUT_REDIRECT] 
2023-12-17 10:40:26,703 [INFO] ApplicationProperties:184 - Using Application install path: D:\Softwares\STM32CubeIDE_1.13.2\STM32CubeIDE\plugins\com.st.stm32cube.common.mx_6.9.2.202309101412
2023-12-17 10:40:26,718 [INFO] DbMcusXml:78 - Set database path to: D:\Softwares\STM32CubeIDE_1.13.2\STM32CubeIDE\plugins\com.st.stm32cube.common.mx_6.9.2.202309101412\\db\/mcu/
2023-12-17 10:40:26,718 [INFO] ApiDb:274 - Set plugin database path to: D:\Softwares\STM32CubeIDE_1.13.2\STM32CubeIDE\plugins\com.st.stm32cube.common.mx_6.9.2.202309101412\\db\/plugins/boardmanager/
2023-12-17 10:40:26,718 [WARN] ApiDb:259 - Overriding images path with different value:  => D:\Softwares\STM32CubeIDE_1.13.2\STM32CubeIDE\plugins\com.st.stm32cube.common.mx_6.9.2.202309101412\\db\/plugins/mcufinder/images/
2023-12-17 10:40:26,731 [INFO] ApiDb:250 - Set database path to: C:\Users\phung\.stmcufinder\plugins\mcufinder//mcu/
2023-12-17 10:40:26,732 [INFO] DbMcusAds:125 - Set database path to: C:\Users\phung\.stmcufinder\plugins\mcufinder//mcu/
2023-12-17 10:40:27,316 [INFO] CrossReferenceDbSqlite:203 - Set database path to: C:\Users\phung\.stmcufinder\plugins\mcufinder//mcu/cs/
2023-12-17 10:40:27,513 [INFO] RulesReader:64 - Compatibility file has been processed (293 Rules)
2023-12-17 10:40:27,603 [INFO] DbMcusXml:78 - Set database path to: D:\Softwares\STM32CubeIDE_1.13.2\STM32CubeIDE\plugins\com.st.stm32cube.common.mx_6.9.2.202309101412\\db\/mcu/
2023-12-17 10:40:27,603 [INFO] ApiDb:274 - Set plugin database path to: D:\Softwares\STM32CubeIDE_1.13.2\STM32CubeIDE\plugins\com.st.stm32cube.common.mx_6.9.2.202309101412\\db\/plugins/boardmanager/
2023-12-17 10:40:27,603 [INFO] ApiDb:261 - Set plugin images path to: D:\Softwares\STM32CubeIDE_1.13.2\STM32CubeIDE\plugins\com.st.stm32cube.common.mx_6.9.2.202309101412\\db\/plugins/mcufinder/images/
2023-12-17 10:40:27,604 [WARN] DbFile:41 - Overriding database path with different value: C:\Users\phung\.stmcufinder\plugins\mcufinder/ => C:\Users\phung\.stmcufinder\plugins\mcufinder
2023-12-17 10:40:27,604 [INFO] ApiDb:250 - Set database path to: C:\Users\phung\.stmcufinder\plugins\mcufinder//mcu/
2023-12-17 10:40:27,604 [WARN] DbFile:41 - Overriding database path with different value: C:\Users\phung\.stmcufinder\plugins\mcufinder/ => C:\Users\phung\.stmcufinder\plugins\mcufinder
2023-12-17 10:40:27,604 [INFO] DbMcusAds:125 - Set database path to: C:\Users\phung\.stmcufinder\plugins\mcufinder//mcu/
2023-12-17 10:40:27,604 [WARN] DbFile:41 - Overriding database path with different value: C:\Users\phung\.stmcufinder\plugins\mcufinder/ => C:\Users\phung\.stmcufinder\plugins\mcufinder
2023-12-17 10:40:27,604 [WARN] DbFile:41 - Overriding database path with different value: C:\Users\phung\.stmcufinder\plugins\mcufinder/ => C:\Users\phung\.stmcufinder\plugins\mcufinder
2023-12-17 10:40:28,313 [INFO] CrossReferenceDbSqlite:203 - Set database path to: C:\Users\phung\.stmcufinder\plugins\mcufinder//mcu/cs/
2023-12-17 10:40:28,420 [INFO] MainPanel:262 - HeapMemory: 268435456
2023-12-17 10:40:28,516 [INFO] DbMcusXml:78 - Set database path to: D:\Softwares\STM32CubeIDE_1.13.2\STM32CubeIDE\plugins\com.st.stm32cube.common.mx_6.9.2.202309101412\\db\/mcu/
2023-12-17 10:40:28,517 [INFO] ApiDb:274 - Set plugin database path to: D:\Softwares\STM32CubeIDE_1.13.2\STM32CubeIDE\plugins\com.st.stm32cube.common.mx_6.9.2.202309101412\\db\/plugins/boardmanager/
2023-12-17 10:40:28,517 [INFO] ApiDb:261 - Set plugin images path to: D:\Softwares\STM32CubeIDE_1.13.2\STM32CubeIDE\plugins\com.st.stm32cube.common.mx_6.9.2.202309101412\\db\/plugins/mcufinder/images/
2023-12-17 10:40:28,517 [WARN] DbFile:41 - Overriding database path with different value: C:\Users\phung\.stmcufinder\plugins\mcufinder/ => C:\Users\phung\.stmcufinder\plugins\mcufinder
2023-12-17 10:40:28,518 [INFO] ApiDb:250 - Set database path to: C:\Users\phung\.stmcufinder\plugins\mcufinder//mcu/
2023-12-17 10:40:28,518 [WARN] DbFile:41 - Overriding database path with different value: C:\Users\phung\.stmcufinder\plugins\mcufinder/ => C:\Users\phung\.stmcufinder\plugins\mcufinder
2023-12-17 10:40:28,518 [INFO] DbMcusAds:125 - Set database path to: C:\Users\phung\.stmcufinder\plugins\mcufinder//mcu/
2023-12-17 10:40:28,518 [WARN] DbFile:41 - Overriding database path with different value: C:\Users\phung\.stmcufinder\plugins\mcufinder/ => C:\Users\phung\.stmcufinder\plugins\mcufinder
2023-12-17 10:40:28,518 [WARN] DbFile:41 - Overriding database path with different value: C:\Users\phung\.stmcufinder\plugins\mcufinder/ => C:\Users\phung\.stmcufinder\plugins\mcufinder
2023-12-17 10:40:29,308 [INFO] CrossReferenceDbSqlite:203 - Set database path to: C:\Users\phung\.stmcufinder\plugins\mcufinder//mcu/cs/
2023-12-17 10:40:29,395 [INFO] ApplicationProperties:184 - Using Application install path: D:\Softwares\STM32CubeIDE_1.13.2\STM32CubeIDE\plugins\com.st.stm32cube.common.mx_6.9.2.202309101412
2023-12-17 10:40:29,397 [INFO] PluginManage:196 - Search for loadable plugins [exclusion list=, ]
2023-12-17 10:40:29,401 [INFO] PluginManage:310 - Check plugin analytics
2023-12-17 10:40:30,407 [INFO] AnalyticsPlugin:253 - Accepted Software Licenses: STM32CubeMX.6.10.0
2023-12-17 10:40:30,408 [INFO] AnalyticsPlugin:255 - Accepted CMSIS Pack Licenses: 
2023-12-17 10:40:30,408 [INFO] AnalyticsPlugin:257 - Accepted Firmware Licenses: FW.F4.1.27.0,FW.F4.1.28.0
2023-12-17 10:40:30,412 [INFO] PluginManage:359 - Loaded plugin analytics (category:tool,tabindex:-1)
2023-12-17 10:40:30,412 [INFO] PluginManage:310 - Check plugin cadmodel
2023-12-17 10:40:30,429 [INFO] CADModel:105 - Init CAD model plugin
2023-12-17 10:40:30,430 [INFO] PluginManage:359 - Loaded plugin cadmodel (category:power,tabindex:5)
2023-12-17 10:40:30,430 [INFO] PluginManage:310 - Check plugin clock
2023-12-17 10:40:30,451 [INFO] PluginManage:359 - Loaded plugin clock (category:base,tabindex:2)
2023-12-17 10:40:30,451 [INFO] PluginManage:310 - Check plugin ddr
2023-12-17 10:40:30,453 [INFO] PluginManage:359 - Loaded plugin ddr (category:tool,tabindex:6)
2023-12-17 10:40:30,454 [INFO] PluginManage:310 - Check plugin filemanager
2023-12-17 10:40:30,586 [INFO] PluginManage:359 - Loaded plugin filemanager (category:base,tabindex:10)
2023-12-17 10:40:30,587 [INFO] PluginManage:310 - Check plugin ipmanager
2023-12-17 10:40:30,595 [INFO] PluginManage:359 - Loaded plugin ipmanager (category:base,tabindex:5)
2023-12-17 10:40:30,596 [INFO] PluginManage:310 - Check plugin lpbam
2023-12-17 10:40:30,625 [INFO] PluginManage:359 - Loaded plugin lpbam (category:base,tabindex:0)
2023-12-17 10:40:30,626 [INFO] PluginManage:310 - Check plugin memorymap
2023-12-17 10:40:30,657 [INFO] PluginManage:359 - Loaded plugin memorymap (category:base,tabindex:4)
2023-12-17 10:40:30,657 [INFO] PluginManage:310 - Check plugin pinoutandconfiguration
2023-12-17 10:40:30,675 [INFO] PluginManage:359 - Loaded plugin pinoutandconfiguration (category:base,tabindex:1)
2023-12-17 10:40:30,676 [INFO] PluginManage:310 - Check plugin pinoutconfig
2023-12-17 10:40:30,790 [WARN] SupportedApi:132 - Cannot load RTOS API schema: s4s-elt-must-match.1: The content of 'definitions' must match (annotation?, (simpleType | complexType)?, (unique | key | keyref)*)). A problem was found starting at: attribute.
2023-12-17 10:40:30,927 [INFO] PluginManage:359 - Loaded plugin pinoutconfig (category:base,tabindex:0)
2023-12-17 10:40:30,927 [INFO] PluginManage:310 - Check plugin power
2023-12-17 10:40:30,971 [INFO] PluginManage:359 - Loaded plugin power (category:power,tabindex:4)
2023-12-17 10:40:30,971 [INFO] PluginManage:310 - Check plugin projectmanager
2023-12-17 10:40:30,983 [INFO] PluginManage:359 - Loaded plugin projectmanager (category:projectmanager,tabindex:3)
2023-12-17 10:40:30,983 [INFO] PluginManage:310 - Check plugin thirdparty
2023-12-17 10:40:31,264 [INFO] PluginManage:359 - Loaded plugin thirdparty (category:base,tabindex:-1)
2023-12-17 10:40:31,264 [WARN] IntegrityCheckThread:84 - waiting for thirdparty lock release [integrity check]
2023-12-17 10:40:31,264 [INFO] PluginManage:310 - Check plugin tools
2023-12-17 10:40:31,264 [INFO] IntegrityCheckThread:86 - entering critical section [integrity check]
2023-12-17 10:40:31,264 [INFO] ThirdPartyUpdaterWithRetryManager:70 - Updater plugin not ready yet. [1/15]
2023-12-17 10:40:31,293 [INFO] PluginManage:359 - Loaded plugin tools (category:base,tabindex:7)
2023-12-17 10:40:31,294 [INFO] PluginManage:310 - Check plugin tutovideos
2023-12-17 10:40:31,516 [INFO] PluginManage:359 - Loaded plugin tutovideos (category:base,tabindex:-1)
2023-12-17 10:40:31,516 [INFO] PluginManage:310 - Check plugin updater
2023-12-17 10:40:31,539 [INFO] PluginManage:359 - Loaded plugin updater (category:base,tabindex:12)
2023-12-17 10:40:31,539 [INFO] PluginManage:310 - Check plugin userauth
2023-12-17 10:40:31,547 [INFO] UserAuth:113 - Init User Auth plugin
2023-12-17 10:40:31,547 [INFO] PluginManage:359 - Loaded plugin userauth (category:base,tabindex:14)
2023-12-17 10:40:31,548 [INFO] PluginManage:283 - PluginManage : Loaded plugins [17]
2023-12-17 10:40:31,833 [INFO] PinOutPanel:1499 - setPackage(No Configuration,No Configuration)
2023-12-17 10:40:31,932 [INFO] CADModel:165 - CPN selected for project level
2023-12-17 10:40:31,933 [INFO] CADModel:114 - Register for checkConnection events
2023-12-17 10:40:31,955 [INFO] IPUIPlugin:80 - create IPUIPlugin
2023-12-17 10:40:31,955 [INFO] PluginManager:220 - loadIPPluginJar : add adc
2023-12-17 10:40:31,991 [INFO] IPUIPlugin:80 - create IPUIPlugin
2023-12-17 10:40:31,991 [INFO] PluginManager:220 - loadIPPluginJar : add aes
2023-12-17 10:40:32,023 [INFO] IPUIPlugin:80 - create IPUIPlugin
2023-12-17 10:40:32,023 [INFO] PluginManager:220 - loadIPPluginJar : add can
2023-12-17 10:40:32,038 [INFO] IPUIPlugin:80 - create IPUIPlugin
2023-12-17 10:40:32,039 [INFO] PluginManager:220 - loadIPPluginJar : add comp
2023-12-17 10:40:32,072 [INFO] IPUIPlugin:80 - create IPUIPlugin
2023-12-17 10:40:32,072 [INFO] PluginManager:220 - loadIPPluginJar : add cryp
2023-12-17 10:40:32,107 [INFO] IPUIPlugin:80 - create IPUIPlugin
2023-12-17 10:40:32,108 [INFO] PluginManager:220 - loadIPPluginJar : add dfsdm
2023-12-17 10:40:32,125 [INFO] IPUIPlugin:80 - create IPUIPlugin
2023-12-17 10:40:32,125 [INFO] PluginManager:220 - loadIPPluginJar : add dma
2023-12-17 10:40:32,178 [INFO] IPUIPlugin:80 - create IPUIPlugin
2023-12-17 10:40:32,178 [INFO] PluginManager:220 - loadIPPluginJar : add dma3
2023-12-17 10:40:32,204 [INFO] IPUIPlugin:80 - create IPUIPlugin
2023-12-17 10:40:32,204 [INFO] PluginManager:220 - loadIPPluginJar : add fatfs
2023-12-17 10:40:32,251 [INFO] IPUIPlugin:80 - create IPUIPlugin
2023-12-17 10:40:32,251 [INFO] PluginManager:220 - loadIPPluginJar : add fmc
2023-12-17 10:40:32,266 [INFO] IPUIPlugin:80 - create IPUIPlugin
2023-12-17 10:40:32,266 [INFO] PluginManager:220 - loadIPPluginJar : add freertos
2023-12-17 10:40:32,285 [INFO] IPUIPlugin:80 - create IPUIPlugin
2023-12-17 10:40:32,285 [INFO] PluginManager:220 - loadIPPluginJar : add genericplugin
2023-12-17 10:40:32,381 [INFO] IPUIPlugin:80 - create IPUIPlugin
2023-12-17 10:40:32,381 [INFO] PluginManager:220 - loadIPPluginJar : add gfxmmu
2023-12-17 10:40:32,532 [INFO] IPUIPlugin:80 - create IPUIPlugin
2023-12-17 10:40:32,532 [INFO] PluginManager:220 - loadIPPluginJar : add gic
2023-12-17 10:40:32,581 [INFO] IPUIPlugin:80 - create IPUIPlugin
2023-12-17 10:40:32,581 [INFO] PluginManager:220 - loadIPPluginJar : add gpio
2023-12-17 10:40:32,676 [INFO] IPUIPlugin:80 - create IPUIPlugin
2023-12-17 10:40:32,676 [INFO] PluginManager:220 - loadIPPluginJar : add gtzc
2023-12-17 10:40:32,707 [INFO] IPUIPlugin:80 - create IPUIPlugin
2023-12-17 10:40:32,707 [INFO] PluginManager:220 - loadIPPluginJar : add hash
2023-12-17 10:40:32,764 [INFO] IPUIPlugin:80 - create IPUIPlugin
2023-12-17 10:40:32,764 [INFO] PluginManager:220 - loadIPPluginJar : add i2c
2023-12-17 10:40:32,799 [INFO] IPUIPlugin:80 - create IPUIPlugin
2023-12-17 10:40:32,800 [INFO] PluginManager:220 - loadIPPluginJar : add i2s
2023-12-17 10:40:32,834 [INFO] IPUIPlugin:80 - create IPUIPlugin
2023-12-17 10:40:32,835 [INFO] PluginManager:220 - loadIPPluginJar : add i3c
2023-12-17 10:40:32,915 [INFO] IPUIPlugin:80 - create IPUIPlugin
2023-12-17 10:40:32,915 [INFO] PluginManager:220 - loadIPPluginJar : add ipddr
2023-12-17 10:40:32,969 [INFO] IPUIPlugin:80 - create IPUIPlugin
2023-12-17 10:40:32,969 [INFO] PluginManager:220 - loadIPPluginJar : add linkedlist
2023-12-17 10:40:32,991 [INFO] IPUIPlugin:80 - create IPUIPlugin
2023-12-17 10:40:32,991 [INFO] PluginManager:220 - loadIPPluginJar : add lorawan
2023-12-17 10:40:33,013 [INFO] IPUIPlugin:80 - create IPUIPlugin
2023-12-17 10:40:33,014 [INFO] PluginManager:220 - loadIPPluginJar : add ltdc
2023-12-17 10:40:33,024 [INFO] IPUIPlugin:80 - create IPUIPlugin
2023-12-17 10:40:33,024 [INFO] PluginManager:220 - loadIPPluginJar : add mdma
2023-12-17 10:40:33,032 [INFO] IPUIPlugin:80 - create IPUIPlugin
2023-12-17 10:40:33,032 [INFO] PluginManager:220 - loadIPPluginJar : add nvic
2023-12-17 10:40:33,055 [INFO] IPUIPlugin:80 - create IPUIPlugin
2023-12-17 10:40:33,055 [INFO] PluginManager:220 - loadIPPluginJar : add opamp
2023-12-17 10:40:33,091 [INFO] IPUIPlugin:80 - create IPUIPlugin
2023-12-17 10:40:33,091 [INFO] PluginManager:220 - loadIPPluginJar : add openamp
2023-12-17 10:40:33,120 [INFO] IPUIPlugin:80 - create IPUIPlugin
2023-12-17 10:40:33,121 [INFO] PluginManager:220 - loadIPPluginJar : add pdm2pcm
2023-12-17 10:40:33,133 [INFO] IPUIPlugin:80 - create IPUIPlugin
2023-12-17 10:40:33,134 [INFO] PluginManager:220 - loadIPPluginJar : add plateformsettings
2023-12-17 10:40:33,148 [INFO] IPUIPlugin:80 - create IPUIPlugin
2023-12-17 10:40:33,148 [INFO] PluginManager:220 - loadIPPluginJar : add quadspi
2023-12-17 10:40:33,157 [INFO] IPUIPlugin:80 - create IPUIPlugin
2023-12-17 10:40:33,157 [INFO] PluginManager:220 - loadIPPluginJar : add resmgrutility
2023-12-17 10:40:33,186 [INFO] IPUIPlugin:80 - create IPUIPlugin
2023-12-17 10:40:33,186 [INFO] PluginManager:220 - loadIPPluginJar : add sai
2023-12-17 10:40:33,209 [INFO] IPUIPlugin:80 - create IPUIPlugin
2023-12-17 10:40:33,209 [INFO] PluginManager:220 - loadIPPluginJar : add spi
2023-12-17 10:40:33,244 [INFO] IPUIPlugin:80 - create IPUIPlugin
2023-12-17 10:40:33,244 [INFO] PluginManager:220 - loadIPPluginJar : add stm32_wpan
2023-12-17 10:40:33,259 [INFO] IPUIPlugin:80 - create IPUIPlugin
2023-12-17 10:40:33,259 [INFO] PluginManager:220 - loadIPPluginJar : add tim
2023-12-17 10:40:33,293 [INFO] IPUIPlugin:80 - create IPUIPlugin
2023-12-17 10:40:33,293 [INFO] PluginManager:220 - loadIPPluginJar : add touchsensing
2023-12-17 10:40:33,317 [INFO] IPUIPlugin:80 - create IPUIPlugin
2023-12-17 10:40:33,317 [INFO] PluginManager:220 - loadIPPluginJar : add tracer_emb
2023-12-17 10:40:33,331 [INFO] IPUIPlugin:80 - create IPUIPlugin
2023-12-17 10:40:33,331 [INFO] PluginManager:220 - loadIPPluginJar : add ts
2023-12-17 10:40:33,346 [INFO] IPUIPlugin:80 - create IPUIPlugin
2023-12-17 10:40:33,346 [INFO] PluginManager:220 - loadIPPluginJar : add tsc
2023-12-17 10:40:33,360 [INFO] IPUIPlugin:80 - create IPUIPlugin
2023-12-17 10:40:33,360 [INFO] PluginManager:220 - loadIPPluginJar : add ucpd
2023-12-17 10:40:33,387 [INFO] IPUIPlugin:80 - create IPUIPlugin
2023-12-17 10:40:33,387 [INFO] PluginManager:220 - loadIPPluginJar : add usart
2023-12-17 10:40:33,414 [INFO] IPUIPlugin:80 - create IPUIPlugin
2023-12-17 10:40:33,414 [INFO] PluginManager:220 - loadIPPluginJar : add usbx
2023-12-17 10:40:33,534 [INFO] CADModel:165 - CPN selected for project level
2023-12-17 10:40:33,535 [INFO] CADModel:114 - Register for checkConnection events
2023-12-17 10:40:33,535 [FATAL] Updater:308 - Updater called before beeing initialized
2023-12-17 10:40:33,535 [ERROR] CADModel:125 - Updater not yet initialized, retry later 
2023-12-17 10:40:33,728 [INFO] CADModel:165 - CPN selected for project level
2023-12-17 10:40:33,728 [INFO] CADModel:114 - Register for checkConnection events
2023-12-17 10:40:33,728 [FATAL] Updater:308 - Updater called before beeing initialized
2023-12-17 10:40:33,728 [ERROR] CADModel:125 - Updater not yet initialized, retry later 
2023-12-17 10:40:33,731 [FATAL] Updater:308 - Updater called before beeing initialized
2023-12-17 10:40:33,805 [FATAL] Updater:308 - Updater called before beeing initialized
2023-12-17 10:40:33,817 [INFO] DbMcusAds:53 - JSON generation date=Wed Nov 29 17:52:27 ICT 2023 (1701255147349)
2023-12-17 10:40:33,817 [FATAL] Updater:308 - Updater called before beeing initialized
2023-12-17 10:40:33,893 [WARN] DetailPanel:346 - Failed to get advertising image, set to default
2023-12-17 10:40:33,977 [FATAL] Updater:308 - Updater called before beeing initialized
2023-12-17 10:40:33,979 [FATAL] Updater:308 - Updater called before beeing initialized
2023-12-17 10:40:33,979 [FATAL] Updater:308 - Updater called before beeing initialized
2023-12-17 10:40:33,979 [WARN] DetailPanel:346 - Failed to get advertising image, set to default
2023-12-17 10:40:33,980 [FATAL] Updater:308 - Updater called before beeing initialized
2023-12-17 10:40:34,034 [ERROR] Updater:1120 - MainUpdater not yet initialized. External WinMGr cannot be set.
2023-12-17 10:40:34,043 [INFO] Updater:1056 - Updater Version found : 6.9.2
2023-12-17 10:40:34,059 [INFO] ApplicationProperties:184 - Using Application install path: D:\Softwares\STM32CubeIDE_1.13.2\STM32CubeIDE\plugins\com.st.stm32cube.common.mx_6.9.2.202309101412
2023-12-17 10:40:34,265 [INFO] ThirdPartyUpdaterWithRetryManager:70 - Updater plugin not ready yet. [2/15]
2023-12-17 10:40:34,281 [INFO] MainUpdater:2868 - connection check result : 10
2023-12-17 10:40:34,282 [INFO] MainUpdater:285 - Updater Check For Update Now.
2023-12-17 10:40:34,282 [INFO] MicroXplorer:498 - Change Database Version : DB.6.0.92
2023-12-17 10:40:34,340 [INFO] McuFinderGlobals:63 - Set McuFinder mode to 2 (CubeIDE integrated)
2023-12-17 10:40:34,543 [INFO] CheckServerUpdateThread:120 - End of CheckServer Thread
2023-12-17 10:40:37,449 [WARN] PackLoader:240 - Cannot read IP mode file for STMicroelectronics.X-CUBE-SMBUS.2.1.0
2023-12-17 10:40:37,465 [WARN] PackLoader:240 - Cannot read IP mode file for STMicroelectronics.X-CUBE-TOUCHGFX.4.23.0
2023-12-17 10:40:37,498 [WARN] PackLoader:240 - Cannot read IP mode file for STMicroelectronics.X-CUBE-AZRTOS-F7.1.1.0
2023-12-17 10:40:37,513 [WARN] PackLoader:240 - Cannot read IP mode file for STMicroelectronics.FP-SNS-MOTENV1.4.3.2
2023-12-17 10:40:37,526 [WARN] PackLoader:240 - Cannot read IP mode file for STMicroelectronics.FP-SNS-FLIGHT1.5.0.2
2023-12-17 10:40:37,547 [WARN] PackLoader:240 - Cannot read IP mode file for STMicroelectronics.X-CUBE-DISPLAY.3.0.0
2023-12-17 10:40:37,569 [WARN] PackLoader:240 - Cannot read IP mode file for STMicroelectronics.X-CUBE-BLE1.7.0.0
2023-12-17 10:40:37,584 [WARN] PackLoader:240 - Cannot read IP mode file for emotas.I-CUBE-CANOPEN.1.3.0
2023-12-17 10:40:37,595 [WARN] PackLoader:240 - Cannot read IP mode file for STMicroelectronics.X-CUBE-TOUCHGFX.4.22.1
2023-12-17 10:40:37,606 [WARN] PackLoader:240 - Cannot read IP mode file for STMicroelectronics.FP-SNS-SMARTAG2.1.2.0
2023-12-17 10:40:37,627 [INFO] LogOutputStream:77 - [STDOUT_REDIRECT] 1 : Invalid condition id : UX_CORESTACK_Condition cause : null
2023-12-17 10:40:37,627 [INFO] LogOutputStream:77 - [STDOUT_REDIRECT] 1 : Invalid condition id : UX_CORESTACK_Condition cause : null
2023-12-17 10:40:37,628 [INFO] LogOutputStream:77 - [STDOUT_REDIRECT] 1 : Invalid condition id : UX_CORESTACK_Condition cause : null
2023-12-17 10:40:37,629 [INFO] LogOutputStream:77 - [STDOUT_REDIRECT] 1 : Invalid condition id : UX_CORESTACK_Condition cause : null
2023-12-17 10:40:37,630 [INFO] LogOutputStream:77 - [STDOUT_REDIRECT] 1 : Invalid condition id : UX_CORESTACK_Condition cause : null
2023-12-17 10:40:37,633 [WARN] PackLoader:240 - Cannot read IP mode file for STMicroelectronics.X-CUBE-AZRTOS-WL.2.0.0
2023-12-17 10:40:37,648 [WARN] PackLoader:240 - Cannot read IP mode file for WES.I-CUBE-Cesium.1.3.0
2023-12-17 10:40:37,661 [WARN] PackLoader:240 - Cannot read IP mode file for STMicroelectronics.X-CUBE-BLE2.3.3.0
2023-12-17 10:40:37,677 [WARN] PackLoader:240 - Cannot read IP mode file for STMicroelectronics.X-CUBE-ALGOBUILD.1.3.0
2023-12-17 10:40:37,708 [WARN] PackLoader:240 - Cannot read IP mode file for STMicroelectronics.X-CUBE-AZRTOS-G0.1.1.0
2023-12-17 10:40:37,727 [WARN] PackLoader:240 - Cannot read IP mode file for STMicroelectronics.X-CUBE-NFC4.3.0.0
2023-12-17 10:40:37,745 [WARN] PackLoader:240 - Cannot read IP mode file for STMicroelectronics.X-CUBE-BLEMGR.3.0.0
2023-12-17 10:40:37,762 [WARN] PackLoader:240 - Cannot read IP mode file for STMicroelectronics.FP-ATR-SIGFOX1.3.2.0
2023-12-17 10:40:37,808 [WARN] PackLoader:240 - Cannot read IP mode file for SEGGER.I-CUBE-embOS.1.3.1
2023-12-17 10:40:37,854 [WARN] PackLoader:240 - Cannot read IP mode file for STMicroelectronics.X-CUBE-GNSS1.6.0.0
2023-12-17 10:40:37,886 [WARN] PackLoader:240 - Cannot read IP mode file for STMicroelectronics.X-CUBE-AZRTOS-F4.1.1.0
2023-12-17 10:40:37,913 [WARN] PackLoader:240 - Cannot read IP mode file for wolfSSL.I-CUBE-wolfSSL.5.6.3
2023-12-17 10:40:37,946 [WARN] PackLoader:240 - Cannot read IP mode file for STMicroelectronics.X-CUBE-AZRTOS-L5.2.0.0
2023-12-17 10:40:38,002 [WARN] PackLoader:240 - Cannot read IP mode file for STMicroelectronics.X-CUBE-MEMS1.9.6.0
2023-12-17 10:40:38,283 [WARN] PackLoader:240 - Cannot read IP mode file for STMicroelectronics.X-CUBE-EEPRMA1.4.2.0
2023-12-17 10:40:38,300 [WARN] PackLoader:240 - Cannot read IP mode file for ITTIA_DB.I-CUBE-ITTIADB.8.8.0
2023-12-17 10:40:38,319 [WARN] PackLoader:240 - Cannot read IP mode file for STMicroelectronics.X-CUBE-BLEMGR.2.0.0
2023-12-17 10:40:38,355 [WARN] ConditionMgr:438 - getConditionDescription Invalid condition id : UX DEVICE CLASS RTOS Condition cause : null
2023-12-17 10:40:38,355 [WARN] ConditionMgr:438 - getConditionDescription Invalid condition id : UX DEVICE CLASS RTOS Condition cause : null
2023-12-17 10:40:38,358 [WARN] PackLoader:240 - Cannot read IP mode file for STMicroelectronics.X-CUBE-AZRTOS-H7.3.1.0
2023-12-17 10:40:38,359 [WARN] ConditionMgr:1039 - genDependencies : Invalid condition id : UX DEVICE CLASS RTOS Condition cause : null
2023-12-17 10:40:38,359 [WARN] ConditionMgr:1039 - genDependencies : Invalid condition id : UX DEVICE CLASS RTOS Condition cause : null
2023-12-17 10:40:38,360 [WARN] ConditionMgr:1039 - genDependencies : Invalid condition id : UX DEVICE CLASS RTOS Condition cause : null
2023-12-17 10:40:38,360 [WARN] ConditionMgr:1039 - genDependencies : Invalid condition id : UX DEVICE CLASS RTOS Condition cause : null
2023-12-17 10:40:38,360 [WARN] ConditionMgr:1039 - genDependencies : Invalid condition id : UX DEVICE CLASS RTOS Condition cause : null
2023-12-17 10:40:38,436 [WARN] PackLoader:240 - Cannot read IP mode file for STMicroelectronics.X-CUBE-NFC7.1.0.1
2023-12-17 10:40:38,455 [WARN] PackLoader:240 - Cannot read IP mode file for STMicroelectronics.X-CUBE-NFC6.3.0.0
2023-12-17 10:40:38,474 [WARN] PackLoader:240 - Cannot read IP mode file for STMicroelectronics.X-CUBE-EEPRMA1.4.1.0
2023-12-17 10:40:38,490 [WARN] PackLoader:240 - Cannot read IP mode file for STMicroelectronics.X-CUBE-AI.8.1.0
2023-12-17 10:40:38,531 [WARN] ConditionMgr:438 - getConditionDescription Invalid condition id : LAN8742 Phy interface Condition cause : null
2023-12-17 10:40:38,531 [WARN] PackLoader:240 - Cannot read IP mode file for STMicroelectronics.X-CUBE-AZRTOS-L4.2.0.0
2023-12-17 10:40:38,533 [WARN] ConditionMgr:1039 - genDependencies : Invalid condition id : LAN8742 Phy interface Condition cause : null
2023-12-17 10:40:38,533 [WARN] ConditionMgr:1039 - genDependencies : Invalid condition id : LAN8742 Phy interface Condition cause : null
2023-12-17 10:40:38,534 [WARN] ConditionMgr:1039 - genDependencies : Invalid condition id : LAN8742 Phy interface Condition cause : null
2023-12-17 10:40:38,551 [WARN] PackLoader:240 - Cannot read IP mode file for STMicroelectronics.X-CUBE-SFXS2LP1.4.0.0
2023-12-17 10:40:38,563 [WARN] PackLoader:240 - Cannot read IP mode file for STMicroelectronics.X-CUBE-ISPU.1.1.0
2023-12-17 10:40:38,598 [WARN] ConditionMgr:438 - getConditionDescription Invalid condition id : UX DEVICE CLASS RTOS Condition cause : null
2023-12-17 10:40:38,598 [WARN] ConditionMgr:438 - getConditionDescription Invalid condition id : UX DEVICE CLASS RTOS Condition cause : null
2023-12-17 10:40:38,599 [WARN] PackLoader:240 - Cannot read IP mode file for STMicroelectronics.X-CUBE-AZRTOS-WB.2.0.0
2023-12-17 10:40:38,600 [WARN] ConditionMgr:1039 - genDependencies : Invalid condition id : UX DEVICE CLASS RTOS Condition cause : null
2023-12-17 10:40:38,600 [WARN] ConditionMgr:1039 - genDependencies : Invalid condition id : UX DEVICE CLASS RTOS Condition cause : null
2023-12-17 10:40:38,600 [WARN] ConditionMgr:1039 - genDependencies : Invalid condition id : UX DEVICE CLASS RTOS Condition cause : null
2023-12-17 10:40:38,601 [WARN] ConditionMgr:1039 - genDependencies : Invalid condition id : UX DEVICE CLASS RTOS Condition cause : null
2023-12-17 10:40:38,601 [WARN] ConditionMgr:1039 - genDependencies : Invalid condition id : UX DEVICE CLASS RTOS Condition cause : null
2023-12-17 10:40:38,621 [WARN] PackLoader:240 - Cannot read IP mode file for STMicroelectronics.X-CUBE-SUBG2.5.0.0
2023-12-17 10:40:38,644 [WARN] PackLoader:240 - Cannot read IP mode file for STMicroelectronics.X-CUBE-TOF1.3.3.1
2023-12-17 10:40:38,676 [WARN] PackLoader:240 - Cannot read IP mode file for STMicroelectronics.X-CUBE-AZRTOS-G4.2.0.0
2023-12-17 10:40:38,707 [WARN] PackLoader:240 - Cannot read IP mode file for Infineon.AIROC-Wi-Fi-Bluetooth-STM32.1.5.1
2023-12-17 10:40:38,724 [WARN] PackLoader:240 - Cannot read IP mode file for STMicroelectronics.FP-SNS-MOTENVWB1.1.3.0
2023-12-17 10:40:38,739 [WARN] PackLoader:240 - Cannot read IP mode file for STMicroelectronics.FP-SNS-MOTENVWB1.1.3.1
2023-12-17 10:40:38,753 [WARN] PackLoader:240 - Cannot read IP mode file for STMicroelectronics.X-CUBE-ISPU.2.0.0
2023-12-17 10:40:38,812 [WARN] PackLoader:240 - Cannot read IP mode file for STMicroelectronics.X-CUBE-MEMS1.10.0.0
2023-12-17 10:40:38,994 [WARN] PackLoader:240 - Cannot read IP mode file for STMicroelectronics.X-CUBE-FREERTOS.1.1.0
2023-12-17 10:40:39,018 [WARN] PackLoader:240 - Cannot read IP mode file for portGmbH.I-Cube-SoM-uGOAL.1.1.0
2023-12-17 10:40:39,036 [WARN] PackLoader:240 - Cannot read IP mode file for STMicroelectronics.X-CUBE-ALS.1.0.1
2023-12-17 10:40:39,048 [WARN] PackLoader:240 - Cannot read IP mode file for STMicroelectronics.FP-ATR-ASTRA1.2.0.0
2023-12-17 10:40:39,068 [WARN] PackLoader:240 - Cannot read IP mode file for STMicroelectronics.X-CUBE-TOF1.3.4.0
2023-12-17 10:40:39,113 [WARN] PackLoader:240 - Cannot read IP mode file for STMicroelectronics.X-CUBE-AZRTOS-H7.3.2.0
2023-12-17 10:40:39,117 [INFO] ThirdParty:978 - Integrity check success = true
2023-12-17 10:40:39,117 [INFO] IntegrityCheckThread:100 - exiting critical section [integrity check]
2023-12-17 10:40:39,117 [INFO] IntegrityCheckThread:103 - End integrity checks thread
2023-12-17 10:40:55,766 [ERROR] LogOutputStream:75 - [STDERR_REDIRECT] SLF4J: Failed to load class "org.slf4j.impl.StaticLoggerBinder".
2023-12-17 10:40:55,767 [ERROR] LogOutputStream:75 - [STDERR_REDIRECT] SLF4J: Defaulting to no-operation (NOP) logger implementation
2023-12-17 10:40:55,768 [ERROR] LogOutputStream:75 - [STDERR_REDIRECT] SLF4J: See http://www.slf4j.org/codes.html#StaticLoggerBinder for further details.
